 
17_08_2020_23_40_13 
 - txt payment entry -SELECT * FROM 
		txt_payment_bill_entry
		WHERE payment_entry_id = '477' and delete_tag='FALSE'
 
17_08_2020_23_40_13 
 - txt payment entry  Result -
 
17_08_2020_23_59_15 
 - txt payment entry -SELECT * FROM 
		txt_payment_bill_entry
		WHERE payment_entry_id = '470' and delete_tag='FALSE'
 
17_08_2020_23_59_15 
 - txt payment entry  Result -
 
18_08_2020_00_01_17 
 - txt payment entry -SELECT * FROM 
		txt_payment_bill_entry
		WHERE payment_entry_id = '470' and delete_tag='FALSE'
 
18_08_2020_00_01_17 
 - txt payment entry  Result -
 
18_08_2020_00_01_17 
 - txt payment entry  Result -117911794704702020-08-172020-08-172492249289892020-08-172020-08-1715750.0015750.000.000.000.000.000.000.00PartPart0.000.000.000.00200.00200.000.000.001500.001500.0014050.0014050.00112020-08-17 23:46:442020-08-17 23:46:441970-01-01 00:00:001970-01-01 00:00:00FALSEFALSE1970-01-01 00:00:001970-01-01 00:00:000.000.00
 
18_08_2020_00_01_26 
 - txt payment entry -SELECT * FROM 
		txt_payment_bill_entry
		WHERE payment_entry_id = '470' and delete_tag='FALSE'
 
18_08_2020_00_01_27 
 - txt payment entry  Result -117911794704702020-08-172020-08-172492249289892020-08-172020-08-1715750.0015750.000.000.000.000.000.000.00PartPart0.000.000.000.00200.00200.000.000.001500.001500.0014050.0014050.00112020-08-17 23:46:442020-08-17 23:46:441970-01-01 00:00:001970-01-01 00:00:00FALSEFALSE1970-01-01 00:00:001970-01-01 00:00:000.000.00
 
18_08_2020_00_02_30 
 - txt payment entry -SELECT * FROM 
		txt_payment_bill_entry
		WHERE payment_entry_id = '470' and delete_tag='FALSE'
 
18_08_2020_00_02_35 
 - txt payment entry -SELECT * FROM 
		txt_payment_bill_entry
		WHERE payment_entry_id = '470' and delete_tag='FALSE'
 
18_08_2020_00_06_54 
 - txt payment entry -SELECT * FROM 
		txt_payment_bill_entry
		WHERE payment_entry_id = '471' and delete_tag='FALSE'
 
18_08_2020_00_07_30 
 - txt payment entry -SELECT * FROM 
		txt_payment_bill_entry
		WHERE payment_entry_id = '471' and delete_tag='FALSE'
 
18_08_2020_00_07_34 
 - txt payment entry -SELECT * FROM 
		txt_payment_bill_entry
		WHERE payment_entry_id = '471' and delete_tag='FALSE'
 
18_08_2020_00_10_42 
 - txt payment entry -SELECT * FROM 
		txt_payment_bill_entry
		WHERE payment_entry_id = '473' and delete_tag='FALSE'
 
18_08_2020_00_10_50 
 - txt payment entry -SELECT * FROM 
		txt_payment_bill_entry
		WHERE payment_entry_id = '472' and delete_tag='FALSE'
 
18_08_2020_00_11_01 
 - txt payment entry -SELECT * FROM 
		txt_payment_bill_entry
		WHERE payment_entry_id = '470' and delete_tag='FALSE'
 
18_08_2020_00_11_15 
 - txt payment entry -SELECT * FROM 
		txt_payment_bill_entry
		WHERE payment_entry_id = '470' and delete_tag='FALSE'
 
18_08_2020_00_11_28 
 - txt payment entry -SELECT * FROM 
		txt_payment_bill_entry
		WHERE payment_entry_id = '471' and delete_tag='FALSE'
 
18_08_2020_00_11_41 
 - txt payment entry -SELECT * FROM 
		txt_payment_bill_entry
		WHERE payment_entry_id = '471' and delete_tag='FALSE'
 
18-08-2020 00:20:54 
 - txt payment entry -SELECT * FROM 
		txt_payment_bill_entry
		WHERE payment_entry_id = '475' and delete_tag='FALSE'
 
18-08-2020 00:21:03 
 - txt payment entry -SELECT * FROM 
		txt_payment_bill_entry
		WHERE payment_entry_id = '474' and delete_tag='FALSE'
 
18-08-2020 00:21:17 
 - txt payment entry -SELECT * FROM 
		txt_payment_bill_entry
		WHERE payment_entry_id = '475' and delete_tag='FALSE'
 
18-08-2020 00:21:22 
 - txt payment entry -SELECT * FROM 
		txt_payment_bill_entry
		WHERE payment_entry_id = '474' and delete_tag='FALSE'
 
18-08-2020 00:21:54 
 - txt payment entry -SELECT * FROM 
		txt_payment_bill_entry
		WHERE payment_entry_id = '474' and delete_tag='FALSE'
 
18-08-2020 00:22:16 
 - txt payment entry -SELECT * FROM 
		txt_payment_bill_entry
		WHERE payment_entry_id = '474' and delete_tag='FALSE'
 
18-08-2020 00:22:20 
 - txt payment entry -SELECT * FROM 
		txt_payment_bill_entry
		WHERE payment_entry_id = '474' and delete_tag='FALSE'
 
18-08-2020 00:23:34 
 - txt payment entry -SELECT * FROM 
		txt_payment_bill_entry
		WHERE payment_entry_id = '474' and delete_tag='FALSE'
 
18-08-2020 00:23:39 
 - txt payment entry -SELECT * FROM 
		txt_payment_bill_entry
		WHERE payment_entry_id = '474' and delete_tag='FALSE'
 
18-08-2020 00:23:58 
 - txt payment entry -SELECT * FROM 
		txt_payment_bill_entry
		WHERE payment_entry_id = '474' and delete_tag='FALSE'
 
18-08-2020 00:24:03 
 - txt payment entry -SELECT * FROM 
		txt_payment_bill_entry
		WHERE payment_entry_id = '474' and delete_tag='FALSE'
 
18-08-2020 00:24:36 
 - txt payment entry -SELECT * FROM 
		txt_payment_bill_entry
		WHERE payment_entry_id = '474' and delete_tag='FALSE'
 
18-08-2020 00:25:52 
 - txt payment entry -SELECT * FROM 
		txt_payment_bill_entry
		WHERE payment_entry_id = '474' and delete_tag='FALSE'
 
18-08-2020 00:26:18 
 - txt payment entry -SELECT * FROM 
		txt_payment_bill_entry
		WHERE payment_entry_id = '475' and delete_tag='FALSE'
 
18-08-2020 00:26:30 
 - txt payment entry -SELECT * FROM 
		txt_payment_bill_entry
		WHERE payment_entry_id = '474' and delete_tag='FALSE'
 
18-08-2020 00:26:38 
 - txt payment entry -SELECT * FROM 
		txt_payment_bill_entry
		WHERE payment_entry_id = '473' and delete_tag='FALSE'
 
18-08-2020 00:27:17 
 - txt payment entry -SELECT * FROM 
		txt_payment_bill_entry
		WHERE payment_entry_id = '474' and delete_tag='FALSE'
 
18-08-2020 00:27:23 
 - txt payment entry -SELECT * FROM 
		txt_payment_bill_entry
		WHERE payment_entry_id = '473' and delete_tag='FALSE'
 
18-08-2020 00:27:32 
 - txt payment entry -SELECT * FROM 
		txt_payment_bill_entry
		WHERE payment_entry_id = '473' and delete_tag='FALSE'
 
18-08-2020 00:27:39 
 - txt payment entry -SELECT * FROM 
		txt_payment_bill_entry
		WHERE payment_entry_id = '473' and delete_tag='FALSE'
 
18-08-2020 00:27:58 
 - txt payment entry -SELECT * FROM 
		txt_payment_bill_entry
		WHERE payment_entry_id = '473' and delete_tag='FALSE'
 
18-08-2020 00:28:03 
 - txt payment entry -SELECT * FROM 
		txt_payment_bill_entry
		WHERE payment_entry_id = '473' and delete_tag='FALSE'
 
18-08-2020 00:31:20 
 - txt payment entry -SELECT * FROM 
		txt_payment_bill_entry
		WHERE payment_entry_id = '473' and delete_tag='FALSE'
 
18-08-2020 00:31:27 
 - txt payment entry -SELECT * FROM 
		txt_payment_bill_entry
		WHERE payment_entry_id = '473' and delete_tag='FALSE'
 
18-08-2020 00:33:23 
 - txt payment entry -SELECT * FROM 
		txt_payment_bill_entry
		WHERE payment_entry_id = '476' and delete_tag='FALSE'
 
18-08-2020 00:34:18 
 - txt payment entry -SELECT * FROM 
		txt_payment_bill_entry
		WHERE payment_entry_id = '476' and delete_tag='FALSE'
 
18-08-2020 00:35:45 
 - txt payment entry -SELECT * FROM 
		txt_payment_bill_entry
		WHERE payment_entry_id = '476' and delete_tag='FALSE'
 
18-08-2020 00:35:51 
 - txt payment entry -SELECT * FROM 
		txt_payment_bill_entry
		WHERE payment_entry_id = '476' and delete_tag='FALSE'
 
18-08-2020 00:35:55 
 - txt payment entry -SELECT * FROM 
		txt_payment_bill_entry
		WHERE payment_entry_id = '476' and delete_tag='FALSE'
 
18-08-2020 00:36:11 
 - txt payment entry -SELECT * FROM 
		txt_payment_bill_entry
		WHERE payment_entry_id = '476' and delete_tag='FALSE'
 
18-08-2020 00:36:15 
 - txt payment entry -SELECT * FROM 
		txt_payment_bill_entry
		WHERE payment_entry_id = '476' and delete_tag='FALSE'
 
18-08-2020 00:38:25 
 - txt payment entry -SELECT * FROM 
		txt_payment_bill_entry
		WHERE payment_entry_id = '473' and delete_tag='FALSE'
 
18-08-2020 00:38:45 
 - txt payment entry -SELECT * FROM 
		txt_payment_bill_entry
		WHERE payment_entry_id = '473' and delete_tag='FALSE'
 
18-08-2020 00:40:03 
 - txt payment entry -SELECT * FROM 
		txt_payment_bill_entry
		WHERE payment_entry_id = '474' and delete_tag='FALSE'
 
18-08-2020 00:40:34 
 - txt payment entry -SELECT * FROM 
		txt_payment_bill_entry
		WHERE payment_entry_id = '474' and delete_tag='FALSE'
 
27-08-2020 17:42:54 
 - txt payment entry -SELECT * FROM 
		txt_payment_bill_entry
		WHERE payment_entry_id = '480' and delete_tag='FALSE'
 
28-08-2020 16:33:24 
 - txt payment entry -SELECT * FROM 
		txt_payment_bill_entry
		WHERE payment_entry_id = '402' and delete_tag='FALSE'
 
28-08-2020 16:46:38 
 - txt payment entry -SELECT * FROM 
		txt_payment_bill_entry
		WHERE payment_entry_id = '419' and delete_tag='FALSE'
 
28-08-2020 16:56:10 
 - txt payment entry -SELECT * FROM 
		txt_payment_bill_entry
		WHERE payment_entry_id = '480' and delete_tag='FALSE'
 
28-08-2020 18:41:45 
 - txt payment entry -SELECT * FROM 
		txt_payment_bill_entry
		WHERE payment_entry_id = '432' and delete_tag='FALSE'
 
28-08-2020 18:41:45 
 - txt payment entry -SELECT * FROM 
		txt_payment_bill_entry
		WHERE payment_entry_id = '432' and delete_tag='FALSE'
 
29-08-2020 18:08:07 
 - txt payment entry -SELECT * FROM 
		txt_payment_bill_entry
		WHERE payment_entry_id = '427' and delete_tag='FALSE'
 
29-08-2020 18:09:28 
 - txt payment entry -SELECT * FROM 
		txt_payment_bill_entry
		WHERE payment_entry_id = '426' and delete_tag='FALSE'
 
29-08-2020 18:10:48 
 - txt payment entry -SELECT * FROM 
		txt_payment_bill_entry
		WHERE payment_entry_id = '427' and delete_tag='FALSE'
 
29-08-2020 18:11:56 
 - txt payment entry -SELECT * FROM 
		txt_payment_bill_entry
		WHERE payment_entry_id = '479' and delete_tag='FALSE'
 
29-08-2020 18:12:51 
 - txt payment entry -SELECT * FROM 
		txt_payment_bill_entry
		WHERE payment_entry_id = '479' and delete_tag='FALSE'
 
29-08-2020 18:13:27 
 - txt payment entry -SELECT * FROM 
		txt_payment_bill_entry
		WHERE payment_entry_id = '427' and delete_tag='FALSE'
 
31-08-2020 16:15:34 
 - txt payment entry -SELECT * FROM 
		txt_payment_bill_entry
		WHERE payment_entry_id = '616' and delete_tag='FALSE'
 
16-09-2020 15:09:45 
 - txt payment entry -SELECT * FROM 
		txt_payment_bill_entry
		WHERE payment_entry_id = '637' and delete_tag='FALSE'
 
16-09-2020 15:59:37 
 - txt payment entry -SELECT * FROM 
		txt_payment_bill_entry
		WHERE payment_entry_id = '480' and delete_tag='FALSE'
 
16-09-2020 16:07:31 
 - txt payment entry -SELECT * FROM 
		txt_payment_bill_entry
		WHERE payment_entry_id = '391' and delete_tag='FALSE'
 
25-09-2020 14:13:51 
 - txt payment entry -SELECT * FROM 
		txt_payment_bill_entry
		WHERE payment_entry_id = '579' and delete_tag='FALSE'
 
25-09-2020 14:14:19 
 - txt payment entry -SELECT * FROM 
		txt_payment_bill_entry
		WHERE payment_entry_id = '114' and delete_tag='FALSE'
 
25-09-2020 14:18:48 
 - txt payment entry -SELECT * FROM 
		txt_payment_bill_entry
		WHERE payment_entry_id = '114' and delete_tag='FALSE'
 
25-09-2020 14:20:52 
 - txt payment entry -SELECT * FROM 
		txt_payment_bill_entry
		WHERE payment_entry_id = '46' and delete_tag='FALSE'
 
25-09-2020 14:21:40 
 - txt payment entry -SELECT * FROM 
		txt_payment_bill_entry
		WHERE payment_entry_id = '648' and delete_tag='FALSE'
 
25-09-2020 14:22:30 
 - txt payment entry -SELECT * FROM 
		txt_payment_bill_entry
		WHERE payment_entry_id = '579' and delete_tag='FALSE'
 
25-09-2020 14:25:24 
 - txt payment entry -SELECT * FROM 
		txt_payment_bill_entry
		WHERE payment_entry_id = '114' and delete_tag='FALSE'
 
25-09-2020 14:26:16 
 - txt payment entry -SELECT * FROM 
		txt_payment_bill_entry
		WHERE payment_entry_id = '46' and delete_tag='FALSE'
 
25-09-2020 14:27:19 
 - txt payment entry -SELECT * FROM 
		txt_payment_bill_entry
		WHERE payment_entry_id = '579' and delete_tag='FALSE'
 
25-09-2020 14:27:47 
 - txt payment entry -SELECT * FROM 
		txt_payment_bill_entry
		WHERE payment_entry_id = '114' and delete_tag='FALSE'
 
25-09-2020 14:29:38 
 - txt payment entry -SELECT * FROM 
		txt_payment_bill_entry
		WHERE payment_entry_id = '579' and delete_tag='FALSE'
 
25-09-2020 14:32:11 
 - txt payment entry -SELECT * FROM 
		txt_payment_bill_entry
		WHERE payment_entry_id = '697' and delete_tag='FALSE'
 
25-09-2020 14:34:59 
 - txt payment entry -SELECT * FROM 
		txt_payment_bill_entry
		WHERE payment_entry_id = '507' and delete_tag='FALSE'
 
25-09-2020 14:39:47 
 - txt payment entry -SELECT * FROM 
		txt_payment_bill_entry
		WHERE payment_entry_id = '677' and delete_tag='FALSE'
 
25-09-2020 14:40:34 
 - txt payment entry -SELECT * FROM 
		txt_payment_bill_entry
		WHERE payment_entry_id = '115' and delete_tag='FALSE'
 
25-09-2020 14:42:27 
 - txt payment entry -SELECT * FROM 
		txt_payment_bill_entry
		WHERE payment_entry_id = '677' and delete_tag='FALSE'
 
25-09-2020 14:43:44 
 - txt payment entry -SELECT * FROM 
		txt_payment_bill_entry
		WHERE payment_entry_id = '115' and delete_tag='FALSE'
 
25-09-2020 14:45:11 
 - txt payment entry -SELECT * FROM 
		txt_payment_bill_entry
		WHERE payment_entry_id = '507' and delete_tag='FALSE'
 
25-09-2020 14:49:08 
 - txt payment entry -SELECT * FROM 
		txt_payment_bill_entry
		WHERE payment_entry_id = '115' and delete_tag='FALSE'
 
25-09-2020 14:49:34 
 - txt payment entry -SELECT * FROM 
		txt_payment_bill_entry
		WHERE payment_entry_id = '66' and delete_tag='FALSE'
 
25-09-2020 14:50:00 
 - txt payment entry -SELECT * FROM 
		txt_payment_bill_entry
		WHERE payment_entry_id = '677' and delete_tag='FALSE'
 
25-09-2020 14:52:33 
 - txt payment entry -SELECT * FROM 
		txt_payment_bill_entry
		WHERE payment_entry_id = '307' and delete_tag='FALSE'
 
25-09-2020 14:52:51 
 - txt payment entry -SELECT * FROM 
		txt_payment_bill_entry
		WHERE payment_entry_id = '115' and delete_tag='FALSE'
 
25-09-2020 14:54:17 
 - txt payment entry -SELECT * FROM 
		txt_payment_bill_entry
		WHERE payment_entry_id = '677' and delete_tag='FALSE'
 
25-09-2020 14:56:00 
 - txt payment entry -SELECT * FROM 
		txt_payment_bill_entry
		WHERE payment_entry_id = '115' and delete_tag='FALSE'
 
25-09-2020 14:59:19 
 - txt payment entry -SELECT * FROM 
		txt_payment_bill_entry
		WHERE payment_entry_id = '115' and delete_tag='FALSE'
 
25-09-2020 15:08:37 
 - txt payment entry -SELECT * FROM 
		txt_payment_bill_entry
		WHERE payment_entry_id = '696' and delete_tag='FALSE'
 
25-09-2020 15:08:57 
 - txt payment entry -SELECT * FROM 
		txt_payment_bill_entry
		WHERE payment_entry_id = '697' and delete_tag='FALSE'
 
25-09-2020 15:24:58 
 - txt payment entry -SELECT * FROM 
		txt_payment_bill_entry
		WHERE payment_entry_id = '704' and delete_tag='FALSE'
 
25-09-2020 15:25:26 
 - txt payment entry -SELECT * FROM 
		txt_payment_bill_entry
		WHERE payment_entry_id = '705' and delete_tag='FALSE'
 
25-09-2020 16:24:00 
 - txt payment entry -SELECT * FROM 
		txt_payment_bill_entry
		WHERE payment_entry_id = '707' and delete_tag='FALSE'
 
26-09-2020 17:33:45 
 - txt payment entry -SELECT * FROM 
		txt_payment_bill_entry
		WHERE payment_entry_id = '507' and delete_tag='FALSE'
 
26-09-2020 17:34:34 
 - txt payment entry -SELECT * FROM 
		txt_payment_bill_entry
		WHERE payment_entry_id = '507' and delete_tag='FALSE'
 
29-09-2020 16:26:58 
 - txt payment entry -SELECT * FROM 
		txt_payment_bill_entry
		WHERE payment_entry_id = '507' and delete_tag='FALSE'
 
29-09-2020 16:44:06 
 - txt payment entry -SELECT * FROM 
		txt_payment_bill_entry
		WHERE payment_entry_id = '645' and delete_tag='FALSE'
 
30-09-2020 15:01:28 
 - txt payment entry -SELECT * FROM 
		txt_payment_bill_entry
		WHERE payment_entry_id = '641' and delete_tag='FALSE'
 
30-09-2020 15:01:54 
 - txt payment entry -SELECT * FROM 
		txt_payment_bill_entry
		WHERE payment_entry_id = '621' and delete_tag='FALSE'
 
30-09-2020 15:29:39 
 - txt payment entry -SELECT * FROM 
		txt_payment_bill_entry
		WHERE payment_entry_id = '296' and delete_tag='FALSE'
 
01-10-2020 16:07:05 
 - txt payment entry -SELECT * FROM 
		txt_payment_bill_entry
		WHERE payment_entry_id = '75' and delete_tag='FALSE'
 
02-10-2020 16:24:58 
 - txt payment entry -SELECT * FROM 
		txt_payment_bill_entry
		WHERE payment_entry_id = '420' and delete_tag='FALSE'
 
02-10-2020 16:28:26 
 - txt payment entry -SELECT * FROM 
		txt_payment_bill_entry
		WHERE payment_entry_id = '420' and delete_tag='FALSE'
 
02-10-2020 16:31:55 
 - txt payment entry -SELECT * FROM 
		txt_payment_bill_entry
		WHERE payment_entry_id = '420' and delete_tag='FALSE'
 
02-10-2020 16:33:01 
 - txt payment entry -SELECT * FROM 
		txt_payment_bill_entry
		WHERE payment_entry_id = '420' and delete_tag='FALSE'
 
02-10-2020 17:08:53 
 - txt payment entry -SELECT * FROM 
		txt_payment_bill_entry
		WHERE payment_entry_id = '728' and delete_tag='FALSE'
 
02-10-2020 17:09:02 
 - txt payment entry -SELECT * FROM 
		txt_payment_bill_entry
		WHERE payment_entry_id = '252' and delete_tag='FALSE'
 
02-10-2020 17:09:13 
 - txt payment entry -SELECT * FROM 
		txt_payment_bill_entry
		WHERE payment_entry_id = '728' and delete_tag='FALSE'
 
06-10-2020 17:56:24 
 - txt payment entry -SELECT * FROM 
		txt_payment_bill_entry
		WHERE payment_entry_id = '729' and delete_tag='FALSE'
 
07-10-2020 17:25:37 
 - txt payment entry -SELECT * FROM 
		txt_payment_bill_entry
		WHERE payment_entry_id = '439' and delete_tag='FALSE'
 
07-10-2020 17:27:26 
 - txt payment entry -SELECT * FROM 
		txt_payment_bill_entry
		WHERE payment_entry_id = '438' and delete_tag='FALSE'
 
07-10-2020 17:42:26 
 - txt payment entry -SELECT * FROM 
		txt_payment_bill_entry
		WHERE payment_entry_id = '436' and delete_tag='FALSE'
 
07-10-2020 17:43:31 
 - txt payment entry -SELECT * FROM 
		txt_payment_bill_entry
		WHERE payment_entry_id = '438' and delete_tag='FALSE'
 
07-10-2020 18:05:32 
 - txt payment entry -SELECT * FROM 
		txt_payment_bill_entry
		WHERE payment_entry_id = '452' and delete_tag='FALSE'
 
12-10-2020 17:21:50 
 - txt payment entry -SELECT * FROM 
		txt_payment_bill_entry
		WHERE payment_entry_id = '429' and delete_tag='FALSE'
 
12-10-2020 17:24:23 
 - txt payment entry -SELECT * FROM 
		txt_payment_bill_entry
		WHERE payment_entry_id = '821' and delete_tag='FALSE'
 
14-10-2020 16:14:04 
 - txt payment entry -SELECT * FROM 
		txt_payment_bill_entry
		WHERE payment_entry_id = '830' and delete_tag='FALSE'
 
14-10-2020 16:14:32 
 - txt payment entry -SELECT * FROM 
		txt_payment_bill_entry
		WHERE payment_entry_id = '759' and delete_tag='FALSE'
 
14-10-2020 16:23:22 
 - txt payment entry -SELECT * FROM 
		txt_payment_bill_entry
		WHERE payment_entry_id = '759' and delete_tag='FALSE'
 
14-10-2020 17:09:00 
 - txt payment entry -SELECT * FROM 
		txt_payment_bill_entry
		WHERE payment_entry_id = '736' and delete_tag='FALSE'
 
14-10-2020 17:36:53 
 - txt payment entry -SELECT * FROM 
		txt_payment_bill_entry
		WHERE payment_entry_id = '841' and delete_tag='FALSE'
 
15-10-2020 12:51:59 
 - txt payment entry -SELECT * FROM 
		txt_payment_bill_entry
		WHERE payment_entry_id = '658' and delete_tag='FALSE'
 
15-10-2020 18:20:49 
 - txt payment entry -SELECT * FROM 
		txt_payment_bill_entry
		WHERE payment_entry_id = '399' and delete_tag='FALSE'
 
16-10-2020 17:51:42 
 - txt payment entry -SELECT * FROM 
		txt_payment_bill_entry
		WHERE payment_entry_id = '116' and delete_tag='FALSE'
 
16-10-2020 18:37:20 
 - txt payment entry -SELECT * FROM 
		txt_payment_bill_entry
		WHERE payment_entry_id = '213' and delete_tag='FALSE'
 
16-10-2020 18:37:59 
 - txt payment entry -SELECT * FROM 
		txt_payment_bill_entry
		WHERE payment_entry_id = '832' and delete_tag='FALSE'
 
17-10-2020 16:40:35 
 - txt payment entry -SELECT * FROM 
		txt_payment_bill_entry
		WHERE payment_entry_id = '736' and delete_tag='FALSE'
 
17-10-2020 16:41:36 
 - txt payment entry -SELECT * FROM 
		txt_payment_bill_entry
		WHERE payment_entry_id = '759' and delete_tag='FALSE'
 
17-10-2020 17:19:05 
 - txt payment entry -SELECT * FROM 
		txt_payment_bill_entry
		WHERE payment_entry_id = '657' and delete_tag='FALSE'
 
17-10-2020 17:19:45 
 - txt payment entry -SELECT * FROM 
		txt_payment_bill_entry
		WHERE payment_entry_id = '617' and delete_tag='FALSE'
 
17-10-2020 17:21:37 
 - txt payment entry -SELECT * FROM 
		txt_payment_bill_entry
		WHERE payment_entry_id = '678' and delete_tag='FALSE'
 
17-10-2020 17:27:04 
 - txt payment entry -SELECT * FROM 
		txt_payment_bill_entry
		WHERE payment_entry_id = '640' and delete_tag='FALSE'
 
19-10-2020 18:35:48 
 - txt payment entry -SELECT * FROM 
		txt_payment_bill_entry
		WHERE payment_entry_id = '880' and delete_tag='FALSE'
 
19-10-2020 18:36:53 
 - txt payment entry -SELECT * FROM 
		txt_payment_bill_entry
		WHERE payment_entry_id = '881' and delete_tag='FALSE'
 
21-10-2020 16:40:29 
 - txt payment entry -SELECT * FROM 
		txt_payment_bill_entry
		WHERE payment_entry_id = '900' and delete_tag='FALSE'
 
21-10-2020 17:36:06 
 - txt payment entry -SELECT * FROM 
		txt_payment_bill_entry
		WHERE payment_entry_id = '904' and delete_tag='FALSE'
 
21-10-2020 17:36:36 
 - txt payment entry -SELECT * FROM 
		txt_payment_bill_entry
		WHERE payment_entry_id = '904' and delete_tag='FALSE'
 
22-10-2020 16:28:16 
 - txt payment entry -SELECT * FROM 
		txt_payment_bill_entry
		WHERE payment_entry_id = '638' and delete_tag='FALSE'
 
22-10-2020 16:36:56 
 - txt payment entry -SELECT * FROM 
		txt_payment_bill_entry
		WHERE payment_entry_id = '826' and delete_tag='FALSE'
 
22-10-2020 16:40:16 
 - txt payment entry -SELECT * FROM 
		txt_payment_bill_entry
		WHERE payment_entry_id = '829' and delete_tag='FALSE'
 
22-10-2020 17:47:24 
 - txt payment entry -SELECT * FROM 
		txt_payment_bill_entry
		WHERE payment_entry_id = '341' and delete_tag='FALSE'
 
22-10-2020 17:51:14 
 - txt payment entry -SELECT * FROM 
		txt_payment_bill_entry
		WHERE payment_entry_id = '612' and delete_tag='FALSE'
 
22-10-2020 18:45:10 
 - txt payment entry -SELECT * FROM 
		txt_payment_bill_entry
		WHERE payment_entry_id = '670' and delete_tag='FALSE'
 
26-10-2020 14:41:21 
 - txt payment entry -SELECT * FROM 
		txt_payment_bill_entry
		WHERE payment_entry_id = '926' and delete_tag='FALSE'
 
26-10-2020 14:44:55 
 - txt payment entry -SELECT * FROM 
		txt_payment_bill_entry
		WHERE payment_entry_id = '926' and delete_tag='FALSE'
 
26-10-2020 14:50:44 
 - txt payment entry -SELECT * FROM 
		txt_payment_bill_entry
		WHERE payment_entry_id = '926' and delete_tag='FALSE'
 
26-10-2020 14:51:21 
 - txt payment entry -SELECT * FROM 
		txt_payment_bill_entry
		WHERE payment_entry_id = '926' and delete_tag='FALSE'
 
26-10-2020 14:55:29 
 - txt payment entry -SELECT * FROM 
		txt_payment_bill_entry
		WHERE payment_entry_id = '926' and delete_tag='FALSE'
 
26-10-2020 14:56:50 
 - txt payment entry -SELECT * FROM 
		txt_payment_bill_entry
		WHERE payment_entry_id = '926' and delete_tag='FALSE'
 
26-10-2020 15:01:36 
 - txt payment entry -SELECT * FROM 
		txt_payment_bill_entry
		WHERE payment_entry_id = '926' and delete_tag='FALSE'
 
26-10-2020 15:11:52 
 - txt payment entry -SELECT * FROM 
		txt_payment_bill_entry
		WHERE payment_entry_id = '926' and delete_tag='FALSE'
 
26-10-2020 15:18:22 
 - txt payment entry -SELECT * FROM 
		txt_payment_bill_entry
		WHERE payment_entry_id = '926' and delete_tag='FALSE'
 
26-10-2020 16:58:26 
 - txt payment entry -SELECT * FROM 
		txt_payment_bill_entry
		WHERE payment_entry_id = '934' and delete_tag='FALSE'
 
26-10-2020 17:03:56 
 - txt payment entry -SELECT * FROM 
		txt_payment_bill_entry
		WHERE payment_entry_id = '734' and delete_tag='FALSE'
 
26-10-2020 17:04:53 
 - txt payment entry -SELECT * FROM 
		txt_payment_bill_entry
		WHERE payment_entry_id = '296' and delete_tag='FALSE'
 
28-10-2020 19:03:28 
 - txt payment entry -SELECT * FROM 
		txt_payment_bill_entry
		WHERE payment_entry_id = '778' and delete_tag='FALSE'
 
28-10-2020 19:05:36 
 - txt payment entry -SELECT * FROM 
		txt_payment_bill_entry
		WHERE payment_entry_id = '778' and delete_tag='FALSE'
 
28-10-2020 19:06:14 
 - txt payment entry -SELECT * FROM 
		txt_payment_bill_entry
		WHERE payment_entry_id = '777' and delete_tag='FALSE'
 
29-10-2020 18:01:41 
 - txt payment entry -SELECT * FROM 
		txt_payment_bill_entry
		WHERE payment_entry_id = '778' and delete_tag='FALSE'
 
29-10-2020 18:01:56 
 - txt payment entry -SELECT * FROM 
		txt_payment_bill_entry
		WHERE payment_entry_id = '777' and delete_tag='FALSE'
 
29-10-2020 18:02:17 
 - txt payment entry -SELECT * FROM 
		txt_payment_bill_entry
		WHERE payment_entry_id = '445' and delete_tag='FALSE'
 
29-10-2020 18:02:47 
 - txt payment entry -SELECT * FROM 
		txt_payment_bill_entry
		WHERE payment_entry_id = '436' and delete_tag='FALSE'
 
29-10-2020 18:03:02 
 - txt payment entry -SELECT * FROM 
		txt_payment_bill_entry
		WHERE payment_entry_id = '437' and delete_tag='FALSE'
 
29-10-2020 18:03:22 
 - txt payment entry -SELECT * FROM 
		txt_payment_bill_entry
		WHERE payment_entry_id = '439' and delete_tag='FALSE'
 
29-10-2020 18:03:37 
 - txt payment entry -SELECT * FROM 
		txt_payment_bill_entry
		WHERE payment_entry_id = '959' and delete_tag='FALSE'
 
29-10-2020 18:03:59 
 - txt payment entry -SELECT * FROM 
		txt_payment_bill_entry
		WHERE payment_entry_id = '445' and delete_tag='FALSE'
 
29-10-2020 18:04:17 
 - txt payment entry -SELECT * FROM 
		txt_payment_bill_entry
		WHERE payment_entry_id = '959' and delete_tag='FALSE'
 
29-10-2020 18:04:29 
 - txt payment entry -SELECT * FROM 
		txt_payment_bill_entry
		WHERE payment_entry_id = '445' and delete_tag='FALSE'
 
29-10-2020 18:04:41 
 - txt payment entry -SELECT * FROM 
		txt_payment_bill_entry
		WHERE payment_entry_id = '446' and delete_tag='FALSE'
 
29-10-2020 18:05:29 
 - txt payment entry -SELECT * FROM 
		txt_payment_bill_entry
		WHERE payment_entry_id = '437' and delete_tag='FALSE'
 
29-10-2020 18:06:39 
 - txt payment entry -SELECT * FROM 
		txt_payment_bill_entry
		WHERE payment_entry_id = '445' and delete_tag='FALSE'
 
29-10-2020 18:08:44 
 - txt payment entry -SELECT * FROM 
		txt_payment_bill_entry
		WHERE payment_entry_id = '778' and delete_tag='FALSE'
 
30-10-2020 14:43:07 
 - txt payment entry -SELECT * FROM 
		txt_payment_bill_entry
		WHERE payment_entry_id = '855' and delete_tag='FALSE'
 
30-10-2020 14:49:31 
 - txt payment entry -SELECT * FROM 
		txt_payment_bill_entry
		WHERE payment_entry_id = '855' and delete_tag='FALSE'
 
30-10-2020 14:56:58 
 - txt payment entry -SELECT * FROM 
		txt_payment_bill_entry
		WHERE payment_entry_id = '576' and delete_tag='FALSE'
 
30-10-2020 16:53:50 
 - txt payment entry -SELECT * FROM 
		txt_payment_bill_entry
		WHERE payment_entry_id = '778' and delete_tag='FALSE'
 
30-10-2020 16:55:34 
 - txt payment entry -SELECT * FROM 
		txt_payment_bill_entry
		WHERE payment_entry_id = '777' and delete_tag='FALSE'
 
30-10-2020 16:58:03 
 - txt payment entry -SELECT * FROM 
		txt_payment_bill_entry
		WHERE payment_entry_id = '777' and delete_tag='FALSE'
 
30-10-2020 16:59:01 
 - txt payment entry -SELECT * FROM 
		txt_payment_bill_entry
		WHERE payment_entry_id = '778' and delete_tag='FALSE'
 
30-10-2020 17:00:18 
 - txt payment entry -SELECT * FROM 
		txt_payment_bill_entry
		WHERE payment_entry_id = '778' and delete_tag='FALSE'
 
30-10-2020 17:07:02 
 - txt payment entry -SELECT * FROM 
		txt_payment_bill_entry
		WHERE payment_entry_id = '778' and delete_tag='FALSE'
 
30-10-2020 17:10:36 
 - txt payment entry -SELECT * FROM 
		txt_payment_bill_entry
		WHERE payment_entry_id = '778' and delete_tag='FALSE'
 
30-10-2020 17:11:26 
 - txt payment entry -SELECT * FROM 
		txt_payment_bill_entry
		WHERE payment_entry_id = '446' and delete_tag='FALSE'
 
30-10-2020 17:11:33 
 - txt payment entry -SELECT * FROM 
		txt_payment_bill_entry
		WHERE payment_entry_id = '445' and delete_tag='FALSE'
 
30-10-2020 17:11:52 
 - txt payment entry -SELECT * FROM 
		txt_payment_bill_entry
		WHERE payment_entry_id = '961' and delete_tag='FALSE'
 
30-10-2020 17:12:11 
 - txt payment entry -SELECT * FROM 
		txt_payment_bill_entry
		WHERE payment_entry_id = '959' and delete_tag='FALSE'
 
30-10-2020 17:13:08 
 - txt payment entry -SELECT * FROM 
		txt_payment_bill_entry
		WHERE payment_entry_id = '777' and delete_tag='FALSE'
 
30-10-2020 17:13:57 
 - txt payment entry -SELECT * FROM 
		txt_payment_bill_entry
		WHERE payment_entry_id = '437' and delete_tag='FALSE'
 
30-10-2020 17:14:14 
 - txt payment entry -SELECT * FROM 
		txt_payment_bill_entry
		WHERE payment_entry_id = '436' and delete_tag='FALSE'
 
30-10-2020 17:14:32 
 - txt payment entry -SELECT * FROM 
		txt_payment_bill_entry
		WHERE payment_entry_id = '445' and delete_tag='FALSE'
 
30-10-2020 17:14:56 
 - txt payment entry -SELECT * FROM 
		txt_payment_bill_entry
		WHERE payment_entry_id = '960' and delete_tag='FALSE'
 
30-10-2020 17:16:15 
 - txt payment entry -SELECT * FROM 
		txt_payment_bill_entry
		WHERE payment_entry_id = '778' and delete_tag='FALSE'
 
30-10-2020 17:16:43 
 - txt payment entry -SELECT * FROM 
		txt_payment_bill_entry
		WHERE payment_entry_id = '959' and delete_tag='FALSE'
 
30-10-2020 17:17:08 
 - txt payment entry -SELECT * FROM 
		txt_payment_bill_entry
		WHERE payment_entry_id = '438' and delete_tag='FALSE'
 
30-10-2020 17:17:25 
 - txt payment entry -SELECT * FROM 
		txt_payment_bill_entry
		WHERE payment_entry_id = '437' and delete_tag='FALSE'
 
30-10-2020 17:19:05 
 - txt payment entry -SELECT * FROM 
		txt_payment_bill_entry
		WHERE payment_entry_id = '438' and delete_tag='FALSE'
 
30-10-2020 17:19:22 
 - txt payment entry -SELECT * FROM 
		txt_payment_bill_entry
		WHERE payment_entry_id = '961' and delete_tag='FALSE'
 
30-10-2020 17:19:40 
 - txt payment entry -SELECT * FROM 
		txt_payment_bill_entry
		WHERE payment_entry_id = '959' and delete_tag='FALSE'
 
30-10-2020 17:21:04 
 - txt payment entry -SELECT * FROM 
		txt_payment_bill_entry
		WHERE payment_entry_id = '959' and delete_tag='FALSE'
 
30-10-2020 17:21:35 
 - txt payment entry -SELECT * FROM 
		txt_payment_bill_entry
		WHERE payment_entry_id = '778' and delete_tag='FALSE'
 
30-10-2020 17:25:39 
 - txt payment entry -SELECT * FROM 
		txt_payment_bill_entry
		WHERE payment_entry_id = '778' and delete_tag='FALSE'
 
30-10-2020 17:27:28 
 - txt payment entry -SELECT * FROM 
		txt_payment_bill_entry
		WHERE payment_entry_id = '777' and delete_tag='FALSE'
 
30-10-2020 17:28:13 
 - txt payment entry -SELECT * FROM 
		txt_payment_bill_entry
		WHERE payment_entry_id = '778' and delete_tag='FALSE'
 
06-11-2020 17:58:01 
 - txt payment entry -SELECT * FROM 
		txt_payment_bill_entry
		WHERE payment_entry_id = '612' and delete_tag='FALSE'
 
10-11-2020 18:05:57 
 - txt payment entry -SELECT * FROM 
		txt_payment_bill_entry
		WHERE payment_entry_id = '480' and delete_tag='FALSE'
 
10-11-2020 19:03:00 
 - txt payment entry -SELECT * FROM 
		txt_payment_bill_entry
		WHERE payment_entry_id = '746' and delete_tag='FALSE'
 
10-11-2020 19:03:23 
 - txt payment entry -SELECT * FROM 
		txt_payment_bill_entry
		WHERE payment_entry_id = '919' and delete_tag='FALSE'
 
11-11-2020 17:55:02 
 - txt payment entry -SELECT * FROM 
		txt_payment_bill_entry
		WHERE payment_entry_id = '1049' and delete_tag='FALSE'
 
11-11-2020 18:22:11 
 - txt payment entry -SELECT * FROM 
		txt_payment_bill_entry
		WHERE payment_entry_id = '958' and delete_tag='FALSE'
 
13-11-2020 16:25:59 
 - txt payment entry -SELECT * FROM 
		txt_payment_bill_entry
		WHERE payment_entry_id = '743' and delete_tag='FALSE'
 
13-11-2020 16:30:21 
 - txt payment entry -SELECT * FROM 
		txt_payment_bill_entry
		WHERE payment_entry_id = '743' and delete_tag='FALSE'
 
19-11-2020 15:51:44 
 - txt payment entry -SELECT * FROM 
		txt_payment_bill_entry
		WHERE payment_entry_id = '1088' and delete_tag='FALSE'
 
23-11-2020 16:45:21 
 - txt payment entry -SELECT * FROM 
		txt_payment_bill_entry
		WHERE payment_entry_id = '612' and delete_tag='FALSE'
 
23-11-2020 16:53:30 
 - txt payment entry -SELECT * FROM 
		txt_payment_bill_entry
		WHERE payment_entry_id = '346' and delete_tag='FALSE'
 
24-11-2020 18:01:23 
 - txt payment entry -SELECT * FROM 
		txt_payment_bill_entry
		WHERE payment_entry_id = '1130' and delete_tag='FALSE'
 
24-11-2020 18:01:43 
 - txt payment entry -SELECT * FROM 
		txt_payment_bill_entry
		WHERE payment_entry_id = '1131' and delete_tag='FALSE'
 
24-11-2020 19:42:22 
 - txt payment entry -SELECT * FROM 
		txt_payment_bill_entry
		WHERE payment_entry_id = '1128' and delete_tag='FALSE'
 
26-11-2020 16:36:02 
 - txt payment entry -SELECT * FROM 
		txt_payment_bill_entry
		WHERE payment_entry_id = '1054' and delete_tag='FALSE'
 
26-11-2020 16:36:58 
 - txt payment entry -SELECT * FROM 
		txt_payment_bill_entry
		WHERE payment_entry_id = '399' and delete_tag='FALSE'
 
27-11-2020 16:34:47 
 - txt payment entry -SELECT * FROM 
		txt_payment_bill_entry
		WHERE payment_entry_id = '734' and delete_tag='FALSE'
 
27-11-2020 18:48:52 
 - txt payment entry -SELECT * FROM 
		txt_payment_bill_entry
		WHERE payment_entry_id = '1112' and delete_tag='FALSE'
 
27-11-2020 18:58:04 
 - txt payment entry -SELECT * FROM 
		txt_payment_bill_entry
		WHERE payment_entry_id = '1162' and delete_tag='FALSE'
 
27-11-2020 18:58:51 
 - txt payment entry -SELECT * FROM 
		txt_payment_bill_entry
		WHERE payment_entry_id = '1162' and delete_tag='FALSE'
 
28-11-2020 18:31:12 
 - txt payment entry -SELECT * FROM 
		txt_payment_bill_entry
		WHERE payment_entry_id = '1110' and delete_tag='FALSE'
 
10-12-2020 17:32:12 
 - txt payment entry -SELECT * FROM 
		txt_payment_bill_entry
		WHERE payment_entry_id = '1227' and delete_tag='FALSE'
 
18-12-2020 18:19:45 
 - txt payment entry -SELECT * FROM 
		txt_payment_bill_entry
		WHERE payment_entry_id = '424' and delete_tag='FALSE'
 
22-12-2020 17:55:37 
 - txt payment entry -SELECT * FROM 
		txt_payment_bill_entry
		WHERE payment_entry_id = '1267' and delete_tag='FALSE'
 
24-12-2020 17:46:44 
 - txt payment entry -SELECT * FROM 
		txt_payment_bill_entry
		WHERE payment_entry_id = '1291' and delete_tag='FALSE'
 
26-12-2020 15:47:20 
 - txt payment entry -SELECT * FROM 
		txt_payment_bill_entry
		WHERE payment_entry_id = '1201' and delete_tag='FALSE'
 
26-12-2020 15:55:08 
 - txt payment entry -SELECT * FROM 
		txt_payment_bill_entry
		WHERE payment_entry_id = '1201' and delete_tag='FALSE'
 
26-12-2020 15:56:43 
 - txt payment entry -SELECT * FROM 
		txt_payment_bill_entry
		WHERE payment_entry_id = '1201' and delete_tag='FALSE'
 
29-12-2020 19:56:39 
 - txt payment entry -SELECT * FROM 
		txt_payment_bill_entry
		WHERE payment_entry_id = '1363' and delete_tag='FALSE'
 
31-12-2020 17:13:02 
 - txt payment entry -SELECT * FROM 
		txt_payment_bill_entry
		WHERE payment_entry_id = '389' and delete_tag='FALSE'
 
31-12-2020 17:15:39 
 - txt payment entry -SELECT * FROM 
		txt_payment_bill_entry
		WHERE payment_entry_id = '389' and delete_tag='FALSE'
 
01-01-2021 17:36:44 
 - txt payment entry -SELECT * FROM 
		txt_payment_bill_entry
		WHERE payment_entry_id = '1036' and delete_tag='FALSE'
 
01-01-2021 17:36:44 
 - txt payment entry -SELECT * FROM 
		txt_payment_bill_entry
		WHERE payment_entry_id = '1036' and delete_tag='FALSE'
 
09-01-2021 15:57:13 
 - txt payment entry -SELECT * FROM 
		txt_payment_bill_entry
		WHERE payment_entry_id = '1045' and delete_tag='FALSE'
 
09-01-2021 15:58:45 
 - txt payment entry -SELECT * FROM 
		txt_payment_bill_entry
		WHERE payment_entry_id = '1400' and delete_tag='FALSE'
 
09-01-2021 16:01:16 
 - txt payment entry -SELECT * FROM 
		txt_payment_bill_entry
		WHERE payment_entry_id = '1403' and delete_tag='FALSE'
 
09-01-2021 16:02:34 
 - txt payment entry -SELECT * FROM 
		txt_payment_bill_entry
		WHERE payment_entry_id = '1403' and delete_tag='FALSE'
 
09-01-2021 16:03:09 
 - txt payment entry -SELECT * FROM 
		txt_payment_bill_entry
		WHERE payment_entry_id = '1403' and delete_tag='FALSE'
 
09-01-2021 16:04:48 
 - txt payment entry -SELECT * FROM 
		txt_payment_bill_entry
		WHERE payment_entry_id = '1403' and delete_tag='FALSE'
 
09-01-2021 17:12:25 
 - txt payment entry -SELECT * FROM 
		txt_payment_bill_entry
		WHERE payment_entry_id = '1303' and delete_tag='FALSE'
 
09-01-2021 17:12:56 
 - txt payment entry -SELECT * FROM 
		txt_payment_bill_entry
		WHERE payment_entry_id = '1303' and delete_tag='FALSE'
 
09-01-2021 17:28:36 
 - txt payment entry -SELECT * FROM 
		txt_payment_bill_entry
		WHERE payment_entry_id = '1303' and delete_tag='FALSE'
 
09-01-2021 17:31:53 
 - txt payment entry -SELECT * FROM 
		txt_payment_bill_entry
		WHERE payment_entry_id = '1303' and delete_tag='FALSE'
 
09-01-2021 17:33:18 
 - txt payment entry -SELECT * FROM 
		txt_payment_bill_entry
		WHERE payment_entry_id = '1389' and delete_tag='FALSE'
 
09-01-2021 17:34:02 
 - txt payment entry -SELECT * FROM 
		txt_payment_bill_entry
		WHERE payment_entry_id = '1303' and delete_tag='FALSE'
 
09-01-2021 17:34:20 
 - txt payment entry -SELECT * FROM 
		txt_payment_bill_entry
		WHERE payment_entry_id = '1303' and delete_tag='FALSE'
 
09-01-2021 17:46:34 
 - txt payment entry -SELECT * FROM 
		txt_payment_bill_entry
		WHERE payment_entry_id = '1389' and delete_tag='FALSE'
 
09-01-2021 17:48:42 
 - txt payment entry -SELECT * FROM 
		txt_payment_bill_entry
		WHERE payment_entry_id = '1407' and delete_tag='FALSE'
 
09-01-2021 17:48:59 
 - txt payment entry -SELECT * FROM 
		txt_payment_bill_entry
		WHERE payment_entry_id = '1389' and delete_tag='FALSE'
 
09-01-2021 19:16:12 
 - txt payment entry -SELECT * FROM 
		txt_payment_bill_entry
		WHERE payment_entry_id = '1357' and delete_tag='FALSE'
 
09-01-2021 19:17:11 
 - txt payment entry -SELECT * FROM 
		txt_payment_bill_entry
		WHERE payment_entry_id = '1419' and delete_tag='FALSE'
 
09-01-2021 20:28:38 
 - txt payment entry -SELECT * FROM 
		txt_payment_bill_entry
		WHERE payment_entry_id = '549' and delete_tag='FALSE'
 
09-01-2021 20:29:04 
 - txt payment entry -SELECT * FROM 
		txt_payment_bill_entry
		WHERE payment_entry_id = '549' and delete_tag='FALSE'
 
09-01-2021 20:31:04 
 - txt payment entry -SELECT * FROM 
		txt_payment_bill_entry
		WHERE payment_entry_id = '549' and delete_tag='FALSE'
 
11-01-2021 12:29:13 
 - txt payment entry -SELECT * FROM 
		txt_payment_bill_entry
		WHERE payment_entry_id = '1054' and delete_tag='FALSE'
 
11-01-2021 12:29:36 
 - txt payment entry -SELECT * FROM 
		txt_payment_bill_entry
		WHERE payment_entry_id = '1151' and delete_tag='FALSE'
 
11-01-2021 12:29:54 
 - txt payment entry -SELECT * FROM 
		txt_payment_bill_entry
		WHERE payment_entry_id = '1449' and delete_tag='FALSE'
 
11-01-2021 12:30:18 
 - txt payment entry -SELECT * FROM 
		txt_payment_bill_entry
		WHERE payment_entry_id = '399' and delete_tag='FALSE'
 
11-01-2021 12:33:12 
 - txt payment entry -SELECT * FROM 
		txt_payment_bill_entry
		WHERE payment_entry_id = '1054' and delete_tag='FALSE'
 
11-01-2021 12:34:06 
 - txt payment entry -SELECT * FROM 
		txt_payment_bill_entry
		WHERE payment_entry_id = '1054' and delete_tag='FALSE'
 
11-01-2021 12:34:34 
 - txt payment entry -SELECT * FROM 
		txt_payment_bill_entry
		WHERE payment_entry_id = '399' and delete_tag='FALSE'
 
11-01-2021 12:35:42 
 - txt payment entry -SELECT * FROM 
		txt_payment_bill_entry
		WHERE payment_entry_id = '1449' and delete_tag='FALSE'
 
11-01-2021 13:23:21 
 - txt payment entry -SELECT * FROM 
		txt_payment_bill_entry
		WHERE payment_entry_id = '1460' and delete_tag='FALSE'
 
12-01-2021 13:17:19 
 - txt payment entry -SELECT * FROM 
		txt_payment_bill_entry
		WHERE payment_entry_id = '400' and delete_tag='FALSE'
 
12-01-2021 14:29:26 
 - txt payment entry -SELECT * FROM 
		txt_payment_bill_entry
		WHERE payment_entry_id = '1163' and delete_tag='FALSE'
 
12-01-2021 14:30:11 
 - txt payment entry -SELECT * FROM 
		txt_payment_bill_entry
		WHERE payment_entry_id = '1163' and delete_tag='FALSE'
 
12-01-2021 14:34:06 
 - txt payment entry -SELECT * FROM 
		txt_payment_bill_entry
		WHERE payment_entry_id = '1165' and delete_tag='FALSE'
 
12-01-2021 14:36:17 
 - txt payment entry -SELECT * FROM 
		txt_payment_bill_entry
		WHERE payment_entry_id = '1165' and delete_tag='FALSE'
 
12-01-2021 15:34:01 
 - txt payment entry -SELECT * FROM 
		txt_payment_bill_entry
		WHERE payment_entry_id = '1313' and delete_tag='FALSE'
 
14-01-2021 12:17:48 
 - txt payment entry -SELECT * FROM 
		txt_payment_bill_entry
		WHERE payment_entry_id = '1458' and delete_tag='FALSE'
 
14-01-2021 15:06:54 
 - txt payment entry -SELECT * FROM 
		txt_payment_bill_entry
		WHERE payment_entry_id = '1429' and delete_tag='FALSE'
 
14-01-2021 15:08:03 
 - txt payment entry -SELECT * FROM 
		txt_payment_bill_entry
		WHERE payment_entry_id = '1429' and delete_tag='FALSE'
 
14-01-2021 15:08:34 
 - txt payment entry -SELECT * FROM 
		txt_payment_bill_entry
		WHERE payment_entry_id = '1429' and delete_tag='FALSE'
 
14-01-2021 16:55:57 
 - txt payment entry -SELECT * FROM 
		txt_payment_bill_entry
		WHERE payment_entry_id = '1243' and delete_tag='FALSE'
 
16-01-2021 13:08:43 
 - txt payment entry -SELECT * FROM 
		txt_payment_bill_entry
		WHERE payment_entry_id = '549' and delete_tag='FALSE'
 
16-01-2021 14:37:08 
 - txt payment entry -SELECT * FROM 
		txt_payment_bill_entry
		WHERE payment_entry_id = '1475' and delete_tag='FALSE'
 
16-01-2021 20:22:51 
 - txt payment entry -SELECT * FROM 
		txt_payment_bill_entry
		WHERE payment_entry_id = '114' and delete_tag='FALSE'
 
16-01-2021 20:26:56 
 - txt payment entry -SELECT * FROM 
		txt_payment_bill_entry
		WHERE payment_entry_id = '114' and delete_tag='FALSE'
 
23-01-2021 14:53:28 
 - txt payment entry -SELECT * FROM 
		txt_payment_bill_entry
		WHERE payment_entry_id = '1408' and delete_tag='FALSE'
 
23-01-2021 14:54:19 
 - txt payment entry -SELECT * FROM 
		txt_payment_bill_entry
		WHERE payment_entry_id = '1409' and delete_tag='FALSE'
 
23-01-2021 14:55:16 
 - txt payment entry -SELECT * FROM 
		txt_payment_bill_entry
		WHERE payment_entry_id = '1303' and delete_tag='FALSE'
 
23-01-2021 14:55:39 
 - txt payment entry -SELECT * FROM 
		txt_payment_bill_entry
		WHERE payment_entry_id = '963' and delete_tag='FALSE'
 
23-01-2021 19:14:29 
 - txt payment entry -SELECT * FROM 
		txt_payment_bill_entry
		WHERE payment_entry_id = '1472' and delete_tag='FALSE'
 
23-01-2021 19:36:19 
 - txt payment entry -SELECT * FROM 
		txt_payment_bill_entry
		WHERE payment_entry_id = '1508' and delete_tag='FALSE'
 
25-01-2021 14:20:32 
 - txt payment entry -SELECT * FROM 
		txt_payment_bill_entry
		WHERE payment_entry_id = '1165' and delete_tag='FALSE'
 
25-01-2021 14:21:10 
 - txt payment entry -SELECT * FROM 
		txt_payment_bill_entry
		WHERE payment_entry_id = '1507' and delete_tag='FALSE'
 
25-01-2021 15:11:06 
 - txt payment entry -SELECT * FROM 
		txt_payment_bill_entry
		WHERE payment_entry_id = '1225' and delete_tag='FALSE'
 
25-01-2021 15:11:19 
 - txt payment entry -SELECT * FROM 
		txt_payment_bill_entry
		WHERE payment_entry_id = '1440' and delete_tag='FALSE'
 
25-01-2021 15:11:41 
 - txt payment entry -SELECT * FROM 
		txt_payment_bill_entry
		WHERE payment_entry_id = '1440' and delete_tag='FALSE'
 
26-01-2021 17:01:42 
 - txt payment entry -SELECT * FROM 
		txt_payment_bill_entry
		WHERE payment_entry_id = '1532' and delete_tag='FALSE'
 
26-01-2021 17:50:41 
 - txt payment entry -SELECT * FROM 
		txt_payment_bill_entry
		WHERE payment_entry_id = '112' and delete_tag='FALSE'
 
26-01-2021 18:20:09 
 - txt payment entry -SELECT * FROM 
		txt_payment_bill_entry
		WHERE payment_entry_id = '1557' and delete_tag='FALSE'
 
26-01-2021 18:22:22 
 - txt payment entry -SELECT * FROM 
		txt_payment_bill_entry
		WHERE payment_entry_id = '1558' and delete_tag='FALSE'
 
26-01-2021 18:34:26 
 - txt payment entry -SELECT * FROM 
		txt_payment_bill_entry
		WHERE payment_entry_id = '1560' and delete_tag='FALSE'
 
27-01-2021 14:18:40 
 - txt payment entry -SELECT * FROM 
		txt_payment_bill_entry
		WHERE payment_entry_id = '624' and delete_tag='FALSE'
 
27-01-2021 14:19:40 
 - txt payment entry -SELECT * FROM 
		txt_payment_bill_entry
		WHERE payment_entry_id = '624' and delete_tag='FALSE'
 
27-01-2021 18:30:46 
 - txt payment entry -SELECT * FROM 
		txt_payment_bill_entry
		WHERE payment_entry_id = '707' and delete_tag='FALSE'
 
27-01-2021 19:19:15 
 - txt payment entry -SELECT * FROM 
		txt_payment_bill_entry
		WHERE payment_entry_id = '1389' and delete_tag='FALSE'
 
27-01-2021 19:20:07 
 - txt payment entry -SELECT * FROM 
		txt_payment_bill_entry
		WHERE payment_entry_id = '1408' and delete_tag='FALSE'
 
27-01-2021 19:20:29 
 - txt payment entry -SELECT * FROM 
		txt_payment_bill_entry
		WHERE payment_entry_id = '1409' and delete_tag='FALSE'
 
27-01-2021 19:20:56 
 - txt payment entry -SELECT * FROM 
		txt_payment_bill_entry
		WHERE payment_entry_id = '1410' and delete_tag='FALSE'
 
27-01-2021 19:21:22 
 - txt payment entry -SELECT * FROM 
		txt_payment_bill_entry
		WHERE payment_entry_id = '1493' and delete_tag='FALSE'
 
27-01-2021 19:22:13 
 - txt payment entry -SELECT * FROM 
		txt_payment_bill_entry
		WHERE payment_entry_id = '1494' and delete_tag='FALSE'
 
27-01-2021 19:22:48 
 - txt payment entry -SELECT * FROM 
		txt_payment_bill_entry
		WHERE payment_entry_id = '1407' and delete_tag='FALSE'
 
27-01-2021 19:23:55 
 - txt payment entry -SELECT * FROM 
		txt_payment_bill_entry
		WHERE payment_entry_id = '1408' and delete_tag='FALSE'
 
27-01-2021 19:25:05 
 - txt payment entry -SELECT * FROM 
		txt_payment_bill_entry
		WHERE payment_entry_id = '1409' and delete_tag='FALSE'
 
27-01-2021 19:26:11 
 - txt payment entry -SELECT * FROM 
		txt_payment_bill_entry
		WHERE payment_entry_id = '1410' and delete_tag='FALSE'
 
27-01-2021 19:26:51 
 - txt payment entry -SELECT * FROM 
		txt_payment_bill_entry
		WHERE payment_entry_id = '1493' and delete_tag='FALSE'
 
27-01-2021 19:27:14 
 - txt payment entry -SELECT * FROM 
		txt_payment_bill_entry
		WHERE payment_entry_id = '1410' and delete_tag='FALSE'
 
27-01-2021 19:28:10 
 - txt payment entry -SELECT * FROM 
		txt_payment_bill_entry
		WHERE payment_entry_id = '1493' and delete_tag='FALSE'
 
27-01-2021 19:28:59 
 - txt payment entry -SELECT * FROM 
		txt_payment_bill_entry
		WHERE payment_entry_id = '1494' and delete_tag='FALSE'
 
27-01-2021 19:36:05 
 - txt payment entry -SELECT * FROM 
		txt_payment_bill_entry
		WHERE payment_entry_id = '998' and delete_tag='FALSE'
 
27-01-2021 19:37:01 
 - txt payment entry -SELECT * FROM 
		txt_payment_bill_entry
		WHERE payment_entry_id = '114' and delete_tag='FALSE'
 
27-01-2021 19:39:42 
 - txt payment entry -SELECT * FROM 
		txt_payment_bill_entry
		WHERE payment_entry_id = '579' and delete_tag='FALSE'
 
27-01-2021 19:40:23 
 - txt payment entry -SELECT * FROM 
		txt_payment_bill_entry
		WHERE payment_entry_id = '114' and delete_tag='FALSE'
 
27-01-2021 19:41:21 
 - txt payment entry -SELECT * FROM 
		txt_payment_bill_entry
		WHERE payment_entry_id = '648' and delete_tag='FALSE'
 
27-01-2021 19:43:01 
 - txt payment entry -SELECT * FROM 
		txt_payment_bill_entry
		WHERE payment_entry_id = '114' and delete_tag='FALSE'
 
27-01-2021 19:45:24 
 - txt payment entry -SELECT * FROM 
		txt_payment_bill_entry
		WHERE payment_entry_id = '648' and delete_tag='FALSE'
 
27-01-2021 19:45:38 
 - txt payment entry -SELECT * FROM 
		txt_payment_bill_entry
		WHERE payment_entry_id = '579' and delete_tag='FALSE'
 
27-01-2021 19:45:57 
 - txt payment entry -SELECT * FROM 
		txt_payment_bill_entry
		WHERE payment_entry_id = '998' and delete_tag='FALSE'
 
27-01-2021 19:46:21 
 - txt payment entry -SELECT * FROM 
		txt_payment_bill_entry
		WHERE payment_entry_id = '47' and delete_tag='FALSE'
 
27-01-2021 19:46:31 
 - txt payment entry -SELECT * FROM 
		txt_payment_bill_entry
		WHERE payment_entry_id = '46' and delete_tag='FALSE'
 
27-01-2021 19:49:46 
 - txt payment entry -SELECT * FROM 
		txt_payment_bill_entry
		WHERE payment_entry_id = '998' and delete_tag='FALSE'
 
27-01-2021 19:52:16 
 - txt payment entry -SELECT * FROM 
		txt_payment_bill_entry
		WHERE payment_entry_id = '1585' and delete_tag='FALSE'
 
27-01-2021 19:55:00 
 - txt payment entry -SELECT * FROM 
		txt_payment_bill_entry
		WHERE payment_entry_id = '1458' and delete_tag='FALSE'
 
27-01-2021 20:08:30 
 - txt payment entry -SELECT * FROM 
		txt_payment_bill_entry
		WHERE payment_entry_id = '1389' and delete_tag='FALSE'
 
28-01-2021 15:41:41 
 - txt payment entry -SELECT * FROM 
		txt_payment_bill_entry
		WHERE payment_entry_id = '1587' and delete_tag='FALSE'
 
01-02-2021 13:36:00 
 - txt payment entry -SELECT * FROM 
		txt_payment_bill_entry
		WHERE payment_entry_id = '700' and delete_tag='FALSE'
 
01-02-2021 13:38:32 
 - txt payment entry -SELECT * FROM 
		txt_payment_bill_entry
		WHERE payment_entry_id = '700' and delete_tag='FALSE'
 
01-02-2021 13:52:46 
 - txt payment entry -SELECT * FROM 
		txt_payment_bill_entry
		WHERE payment_entry_id = '1526' and delete_tag='FALSE'
 
01-02-2021 14:10:47 
 - txt payment entry -SELECT * FROM 
		txt_payment_bill_entry
		WHERE payment_entry_id = '1459' and delete_tag='FALSE'
 
01-02-2021 15:09:26 
 - txt payment entry -SELECT * FROM 
		txt_payment_bill_entry
		WHERE payment_entry_id = '1389' and delete_tag='FALSE'
 
03-02-2021 14:41:29 
 - txt payment entry -SELECT * FROM 
		txt_payment_bill_entry
		WHERE payment_entry_id = '1395' and delete_tag='FALSE'
 
03-02-2021 14:47:49 
 - txt payment entry -SELECT * FROM 
		txt_payment_bill_entry
		WHERE payment_entry_id = '1684' and delete_tag='FALSE'
 
03-02-2021 14:48:26 
 - txt payment entry -SELECT * FROM 
		txt_payment_bill_entry
		WHERE payment_entry_id = '1684' and delete_tag='FALSE'
 
03-02-2021 14:51:38 
 - txt payment entry -SELECT * FROM 
		txt_payment_bill_entry
		WHERE payment_entry_id = '1395' and delete_tag='FALSE'
 
03-02-2021 14:52:25 
 - txt payment entry -SELECT * FROM 
		txt_payment_bill_entry
		WHERE payment_entry_id = '1395' and delete_tag='FALSE'
 
03-02-2021 14:56:21 
 - txt payment entry -SELECT * FROM 
		txt_payment_bill_entry
		WHERE payment_entry_id = '1348' and delete_tag='FALSE'
 
03-02-2021 14:57:57 
 - txt payment entry -SELECT * FROM 
		txt_payment_bill_entry
		WHERE payment_entry_id = '1685' and delete_tag='FALSE'
 
03-02-2021 14:59:48 
 - txt payment entry -SELECT * FROM 
		txt_payment_bill_entry
		WHERE payment_entry_id = '296' and delete_tag='FALSE'
 
03-02-2021 15:00:01 
 - txt payment entry -SELECT * FROM 
		txt_payment_bill_entry
		WHERE payment_entry_id = '1348' and delete_tag='FALSE'
 
03-02-2021 15:00:11 
 - txt payment entry -SELECT * FROM 
		txt_payment_bill_entry
		WHERE payment_entry_id = '1685' and delete_tag='FALSE'
 
03-02-2021 15:00:45 
 - txt payment entry -SELECT * FROM 
		txt_payment_bill_entry
		WHERE payment_entry_id = '1395' and delete_tag='FALSE'
 
03-02-2021 15:02:06 
 - txt payment entry -SELECT * FROM 
		txt_payment_bill_entry
		WHERE payment_entry_id = '1395' and delete_tag='FALSE'
 
03-02-2021 16:00:23 
 - txt payment entry -SELECT * FROM 
		txt_payment_bill_entry
		WHERE payment_entry_id = '1291' and delete_tag='FALSE'
 
03-02-2021 16:01:24 
 - txt payment entry -SELECT * FROM 
		txt_payment_bill_entry
		WHERE payment_entry_id = '1291' and delete_tag='FALSE'
 
03-02-2021 16:06:29 
 - txt payment entry -SELECT * FROM 
		txt_payment_bill_entry
		WHERE payment_entry_id = '1307' and delete_tag='FALSE'
 
03-02-2021 16:12:02 
 - txt payment entry -SELECT * FROM 
		txt_payment_bill_entry
		WHERE payment_entry_id = '1291' and delete_tag='FALSE'
 
03-02-2021 16:19:38 
 - txt payment entry -SELECT * FROM 
		txt_payment_bill_entry
		WHERE payment_entry_id = '1291' and delete_tag='FALSE'
 
03-02-2021 16:20:53 
 - txt payment entry -SELECT * FROM 
		txt_payment_bill_entry
		WHERE payment_entry_id = '1291' and delete_tag='FALSE'
 
03-02-2021 16:22:10 
 - txt payment entry -SELECT * FROM 
		txt_payment_bill_entry
		WHERE payment_entry_id = '1291' and delete_tag='FALSE'
 
03-02-2021 16:23:55 
 - txt payment entry -SELECT * FROM 
		txt_payment_bill_entry
		WHERE payment_entry_id = '1291' and delete_tag='FALSE'
 
03-02-2021 16:27:32 
 - txt payment entry -SELECT * FROM 
		txt_payment_bill_entry
		WHERE payment_entry_id = '1307' and delete_tag='FALSE'
 
03-02-2021 16:28:20 
 - txt payment entry -SELECT * FROM 
		txt_payment_bill_entry
		WHERE payment_entry_id = '1291' and delete_tag='FALSE'
 
03-02-2021 16:28:30 
 - txt payment entry -SELECT * FROM 
		txt_payment_bill_entry
		WHERE payment_entry_id = '1687' and delete_tag='FALSE'
 
03-02-2021 16:28:39 
 - txt payment entry -SELECT * FROM 
		txt_payment_bill_entry
		WHERE payment_entry_id = '1307' and delete_tag='FALSE'
 
03-02-2021 16:28:54 
 - txt payment entry -SELECT * FROM 
		txt_payment_bill_entry
		WHERE payment_entry_id = '1105' and delete_tag='FALSE'
 
03-02-2021 16:30:00 
 - txt payment entry -SELECT * FROM 
		txt_payment_bill_entry
		WHERE payment_entry_id = '1291' and delete_tag='FALSE'
 
03-02-2021 16:30:29 
 - txt payment entry -SELECT * FROM 
		txt_payment_bill_entry
		WHERE payment_entry_id = '1687' and delete_tag='FALSE'
 
03-02-2021 16:30:53 
 - txt payment entry -SELECT * FROM 
		txt_payment_bill_entry
		WHERE payment_entry_id = '1307' and delete_tag='FALSE'
 
03-02-2021 16:31:51 
 - txt payment entry -SELECT * FROM 
		txt_payment_bill_entry
		WHERE payment_entry_id = '1307' and delete_tag='FALSE'
 
03-02-2021 16:32:04 
 - txt payment entry -SELECT * FROM 
		txt_payment_bill_entry
		WHERE payment_entry_id = '1291' and delete_tag='FALSE'
 
03-02-2021 16:33:43 
 - txt payment entry -SELECT * FROM 
		txt_payment_bill_entry
		WHERE payment_entry_id = '1687' and delete_tag='FALSE'
 
03-02-2021 20:02:16 
 - txt payment entry -SELECT * FROM 
		txt_payment_bill_entry
		WHERE payment_entry_id = '1344' and delete_tag='FALSE'
 
03-02-2021 20:03:44 
 - txt payment entry -SELECT * FROM 
		txt_payment_bill_entry
		WHERE payment_entry_id = '1646' and delete_tag='FALSE'
 
03-02-2021 20:28:23 
 - txt payment entry -SELECT * FROM 
		txt_payment_bill_entry
		WHERE payment_entry_id = '881' and delete_tag='FALSE'
 
03-02-2021 20:31:25 
 - txt payment entry -SELECT * FROM 
		txt_payment_bill_entry
		WHERE payment_entry_id = '882' and delete_tag='FALSE'
 
03-02-2021 20:33:11 
 - txt payment entry -SELECT * FROM 
		txt_payment_bill_entry
		WHERE payment_entry_id = '1155' and delete_tag='FALSE'
 
03-02-2021 20:34:58 
 - txt payment entry -SELECT * FROM 
		txt_payment_bill_entry
		WHERE payment_entry_id = '1705' and delete_tag='FALSE'
 
03-02-2021 20:35:31 
 - txt payment entry -SELECT * FROM 
		txt_payment_bill_entry
		WHERE payment_entry_id = '1155' and delete_tag='FALSE'
 
04-02-2021 16:00:06 
 - txt payment entry -SELECT * FROM 
		txt_payment_bill_entry
		WHERE payment_entry_id = '1714' and delete_tag='FALSE'
 
04-02-2021 16:01:54 
 - txt payment entry -SELECT * FROM 
		txt_payment_bill_entry
		WHERE payment_entry_id = '1691' and delete_tag='FALSE'
 
04-02-2021 16:08:31 
 - txt payment entry -SELECT * FROM 
		txt_payment_bill_entry
		WHERE payment_entry_id = '708' and delete_tag='FALSE'
 
04-02-2021 16:08:34 
 - txt payment entry -SELECT * FROM 
		txt_payment_bill_entry
		WHERE payment_entry_id = '705' and delete_tag='FALSE'
 
04-02-2021 16:29:26 
 - txt payment entry -SELECT * FROM 
		txt_payment_bill_entry
		WHERE payment_entry_id = '810' and delete_tag='FALSE'
 
04-02-2021 19:15:23 
 - txt payment entry -SELECT * FROM 
		txt_payment_bill_entry
		WHERE payment_entry_id = '738' and delete_tag='FALSE'
 
04-02-2021 19:17:11 
 - txt payment entry -SELECT * FROM 
		txt_payment_bill_entry
		WHERE payment_entry_id = '1355' and delete_tag='FALSE'
 
04-02-2021 19:33:03 
 - txt payment entry -SELECT * FROM 
		txt_payment_bill_entry
		WHERE payment_entry_id = '1727' and delete_tag='FALSE'
 
04-02-2021 19:41:23 
 - txt payment entry -SELECT * FROM 
		txt_payment_bill_entry
		WHERE payment_entry_id = '1727' and delete_tag='FALSE'
 
04-02-2021 19:41:47 
 - txt payment entry -SELECT * FROM 
		txt_payment_bill_entry
		WHERE payment_entry_id = '1728' and delete_tag='FALSE'
 
04-02-2021 19:42:17 
 - txt payment entry -SELECT * FROM 
		txt_payment_bill_entry
		WHERE payment_entry_id = '1355' and delete_tag='FALSE'
 
04-02-2021 19:42:50 
 - txt payment entry -SELECT * FROM 
		txt_payment_bill_entry
		WHERE payment_entry_id = '1355' and delete_tag='FALSE'
 
04-02-2021 19:44:43 
 - txt payment entry -SELECT * FROM 
		txt_payment_bill_entry
		WHERE payment_entry_id = '1727' and delete_tag='FALSE'
 
04-02-2021 19:46:10 
 - txt payment entry -SELECT * FROM 
		txt_payment_bill_entry
		WHERE payment_entry_id = '1728' and delete_tag='FALSE'
 
04-02-2021 19:46:39 
 - txt payment entry -SELECT * FROM 
		txt_payment_bill_entry
		WHERE payment_entry_id = '1727' and delete_tag='FALSE'
 
04-02-2021 19:47:34 
 - txt payment entry -SELECT * FROM 
		txt_payment_bill_entry
		WHERE payment_entry_id = '1355' and delete_tag='FALSE'
 
04-02-2021 19:49:41 
 - txt payment entry -SELECT * FROM 
		txt_payment_bill_entry
		WHERE payment_entry_id = '1728' and delete_tag='FALSE'
 
05-02-2021 16:20:02 
 - txt payment entry -SELECT * FROM 
		txt_payment_bill_entry
		WHERE payment_entry_id = '1738' and delete_tag='FALSE'
 
06-02-2021 16:12:59 
 - txt payment entry -SELECT * FROM 
		txt_payment_bill_entry
		WHERE payment_entry_id = '1738' and delete_tag='FALSE'
 
06-02-2021 16:19:35 
 - txt payment entry -SELECT * FROM 
		txt_payment_bill_entry
		WHERE payment_entry_id = '1738' and delete_tag='FALSE'
 
06-02-2021 16:20:32 
 - txt payment entry -SELECT * FROM 
		txt_payment_bill_entry
		WHERE payment_entry_id = '1738' and delete_tag='FALSE'
 
06-02-2021 19:27:42 
 - txt payment entry -SELECT * FROM 
		txt_payment_bill_entry
		WHERE payment_entry_id = '1747' and delete_tag='FALSE'
 
06-02-2021 19:30:25 
 - txt payment entry -SELECT * FROM 
		txt_payment_bill_entry
		WHERE payment_entry_id = '1747' and delete_tag='FALSE'
 
08-02-2021 13:56:30 
 - txt payment entry -SELECT * FROM 
		txt_payment_bill_entry
		WHERE payment_entry_id = '338' and delete_tag='FALSE'
 
08-02-2021 16:52:03 
 - txt payment entry -SELECT * FROM 
		txt_payment_bill_entry
		WHERE payment_entry_id = '1737' and delete_tag='FALSE'
 
08-02-2021 16:56:22 
 - txt payment entry -SELECT * FROM 
		txt_payment_bill_entry
		WHERE payment_entry_id = '1723' and delete_tag='FALSE'
 
09-02-2021 13:23:17 
 - txt payment entry -SELECT * FROM 
		txt_payment_bill_entry
		WHERE payment_entry_id = '380' and delete_tag='FALSE'
 
09-02-2021 13:23:35 
 - txt payment entry -SELECT * FROM 
		txt_payment_bill_entry
		WHERE payment_entry_id = '380' and delete_tag='FALSE'
 
09-02-2021 13:24:07 
 - txt payment entry -SELECT * FROM 
		txt_payment_bill_entry
		WHERE payment_entry_id = '381' and delete_tag='FALSE'
 
09-02-2021 13:24:30 
 - txt payment entry -SELECT * FROM 
		txt_payment_bill_entry
		WHERE payment_entry_id = '382' and delete_tag='FALSE'
 
09-02-2021 13:25:01 
 - txt payment entry -SELECT * FROM 
		txt_payment_bill_entry
		WHERE payment_entry_id = '66' and delete_tag='FALSE'
 
09-02-2021 13:25:31 
 - txt payment entry -SELECT * FROM 
		txt_payment_bill_entry
		WHERE payment_entry_id = '115' and delete_tag='FALSE'
 
09-02-2021 13:26:00 
 - txt payment entry -SELECT * FROM 
		txt_payment_bill_entry
		WHERE payment_entry_id = '307' and delete_tag='FALSE'
 
09-02-2021 13:26:41 
 - txt payment entry -SELECT * FROM 
		txt_payment_bill_entry
		WHERE payment_entry_id = '507' and delete_tag='FALSE'
 
09-02-2021 13:27:20 
 - txt payment entry -SELECT * FROM 
		txt_payment_bill_entry
		WHERE payment_entry_id = '677' and delete_tag='FALSE'
 
09-02-2021 13:29:00 
 - txt payment entry -SELECT * FROM 
		txt_payment_bill_entry
		WHERE payment_entry_id = '380' and delete_tag='FALSE'
 
09-02-2021 13:31:14 
 - txt payment entry -SELECT * FROM 
		txt_payment_bill_entry
		WHERE payment_entry_id = '381' and delete_tag='FALSE'
 
09-02-2021 13:32:16 
 - txt payment entry -SELECT * FROM 
		txt_payment_bill_entry
		WHERE payment_entry_id = '381' and delete_tag='FALSE'
 
09-02-2021 13:33:37 
 - txt payment entry -SELECT * FROM 
		txt_payment_bill_entry
		WHERE payment_entry_id = '382' and delete_tag='FALSE'
 
09-02-2021 13:35:56 
 - txt payment entry -SELECT * FROM 
		txt_payment_bill_entry
		WHERE payment_entry_id = '66' and delete_tag='FALSE'
 
09-02-2021 13:36:24 
 - txt payment entry -SELECT * FROM 
		txt_payment_bill_entry
		WHERE payment_entry_id = '1285' and delete_tag='FALSE'
 
09-02-2021 13:36:53 
 - txt payment entry -SELECT * FROM 
		txt_payment_bill_entry
		WHERE payment_entry_id = '1439' and delete_tag='FALSE'
 
09-02-2021 13:37:20 
 - txt payment entry -SELECT * FROM 
		txt_payment_bill_entry
		WHERE payment_entry_id = '1659' and delete_tag='FALSE'
 
09-02-2021 13:37:52 
 - txt payment entry -SELECT * FROM 
		txt_payment_bill_entry
		WHERE payment_entry_id = '381' and delete_tag='FALSE'
 
09-02-2021 13:39:04 
 - txt payment entry -SELECT * FROM 
		txt_payment_bill_entry
		WHERE payment_entry_id = '381' and delete_tag='FALSE'
 
09-02-2021 13:55:16 
 - txt payment entry -SELECT * FROM 
		txt_payment_bill_entry
		WHERE payment_entry_id = '380' and delete_tag='FALSE'
 
09-02-2021 13:56:13 
 - txt payment entry -SELECT * FROM 
		txt_payment_bill_entry
		WHERE payment_entry_id = '380' and delete_tag='FALSE'
 
09-02-2021 13:56:40 
 - txt payment entry -SELECT * FROM 
		txt_payment_bill_entry
		WHERE payment_entry_id = '377' and delete_tag='FALSE'
 
09-02-2021 13:57:03 
 - txt payment entry -SELECT * FROM 
		txt_payment_bill_entry
		WHERE payment_entry_id = '379' and delete_tag='FALSE'
 
09-02-2021 13:57:29 
 - txt payment entry -SELECT * FROM 
		txt_payment_bill_entry
		WHERE payment_entry_id = '378' and delete_tag='FALSE'
 
09-02-2021 13:57:56 
 - txt payment entry -SELECT * FROM 
		txt_payment_bill_entry
		WHERE payment_entry_id = '378' and delete_tag='FALSE'
 
09-02-2021 13:58:39 
 - txt payment entry -SELECT * FROM 
		txt_payment_bill_entry
		WHERE payment_entry_id = '305' and delete_tag='FALSE'
 
09-02-2021 13:59:24 
 - txt payment entry -SELECT * FROM 
		txt_payment_bill_entry
		WHERE payment_entry_id = '306' and delete_tag='FALSE'
 
09-02-2021 13:59:55 
 - txt payment entry -SELECT * FROM 
		txt_payment_bill_entry
		WHERE payment_entry_id = '349' and delete_tag='FALSE'
 
09-02-2021 14:00:24 
 - txt payment entry -SELECT * FROM 
		txt_payment_bill_entry
		WHERE payment_entry_id = '628' and delete_tag='FALSE'
 
09-02-2021 14:00:53 
 - txt payment entry -SELECT * FROM 
		txt_payment_bill_entry
		WHERE payment_entry_id = '698' and delete_tag='FALSE'
 
09-02-2021 14:01:25 
 - txt payment entry -SELECT * FROM 
		txt_payment_bill_entry
		WHERE payment_entry_id = '350' and delete_tag='FALSE'
 
09-02-2021 14:01:54 
 - txt payment entry -SELECT * FROM 
		txt_payment_bill_entry
		WHERE payment_entry_id = '380' and delete_tag='FALSE'
 
09-02-2021 14:03:05 
 - txt payment entry -SELECT * FROM 
		txt_payment_bill_entry
		WHERE payment_entry_id = '380' and delete_tag='FALSE'
 
09-02-2021 14:04:39 
 - txt payment entry -SELECT * FROM 
		txt_payment_bill_entry
		WHERE payment_entry_id = '381' and delete_tag='FALSE'
 
09-02-2021 14:06:08 
 - txt payment entry -SELECT * FROM 
		txt_payment_bill_entry
		WHERE payment_entry_id = '382' and delete_tag='FALSE'
 
09-02-2021 14:07:59 
 - txt payment entry -SELECT * FROM 
		txt_payment_bill_entry
		WHERE payment_entry_id = '66' and delete_tag='FALSE'
 
09-02-2021 14:13:10 
 - txt payment entry -SELECT * FROM 
		txt_payment_bill_entry
		WHERE payment_entry_id = '305' and delete_tag='FALSE'
 
09-02-2021 14:15:08 
 - txt payment entry -SELECT * FROM 
		txt_payment_bill_entry
		WHERE payment_entry_id = '306' and delete_tag='FALSE'
 
09-02-2021 14:19:06 
 - txt payment entry -SELECT * FROM 
		txt_payment_bill_entry
		WHERE payment_entry_id = '307' and delete_tag='FALSE'
 
09-02-2021 14:19:51 
 - txt payment entry -SELECT * FROM 
		txt_payment_bill_entry
		WHERE payment_entry_id = '305' and delete_tag='FALSE'
 
09-02-2021 14:20:33 
 - txt payment entry -SELECT * FROM 
		txt_payment_bill_entry
		WHERE payment_entry_id = '307' and delete_tag='FALSE'
 
09-02-2021 14:21:29 
 - txt payment entry -SELECT * FROM 
		txt_payment_bill_entry
		WHERE payment_entry_id = '307' and delete_tag='FALSE'
 
09-02-2021 14:21:42 
 - txt payment entry -SELECT * FROM 
		txt_payment_bill_entry
		WHERE payment_entry_id = '307' and delete_tag='FALSE'
 
09-02-2021 14:22:30 
 - txt payment entry -SELECT * FROM 
		txt_payment_bill_entry
		WHERE payment_entry_id = '115' and delete_tag='FALSE'
 
09-02-2021 14:23:20 
 - txt payment entry -SELECT * FROM 
		txt_payment_bill_entry
		WHERE payment_entry_id = '115' and delete_tag='FALSE'
 
09-02-2021 14:24:32 
 - txt payment entry -SELECT * FROM 
		txt_payment_bill_entry
		WHERE payment_entry_id = '507' and delete_tag='FALSE'
 
09-02-2021 14:26:54 
 - txt payment entry -SELECT * FROM 
		txt_payment_bill_entry
		WHERE payment_entry_id = '628' and delete_tag='FALSE'
 
09-02-2021 14:27:47 
 - txt payment entry -SELECT * FROM 
		txt_payment_bill_entry
		WHERE payment_entry_id = '677' and delete_tag='FALSE'
 
09-02-2021 14:30:17 
 - txt payment entry -SELECT * FROM 
		txt_payment_bill_entry
		WHERE payment_entry_id = '698' and delete_tag='FALSE'
 
09-02-2021 14:31:08 
 - txt payment entry -SELECT * FROM 
		txt_payment_bill_entry
		WHERE payment_entry_id = '115' and delete_tag='FALSE'
 
09-02-2021 14:31:24 
 - txt payment entry -SELECT * FROM 
		txt_payment_bill_entry
		WHERE payment_entry_id = '677' and delete_tag='FALSE'
 
09-02-2021 14:32:23 
 - txt payment entry -SELECT * FROM 
		txt_payment_bill_entry
		WHERE payment_entry_id = '698' and delete_tag='FALSE'
 
09-02-2021 14:33:26 
 - txt payment entry -SELECT * FROM 
		txt_payment_bill_entry
		WHERE payment_entry_id = '1285' and delete_tag='FALSE'
 
09-02-2021 14:34:27 
 - txt payment entry -SELECT * FROM 
		txt_payment_bill_entry
		WHERE payment_entry_id = '1285' and delete_tag='FALSE'
 
09-02-2021 14:35:45 
 - txt payment entry -SELECT * FROM 
		txt_payment_bill_entry
		WHERE payment_entry_id = '1439' and delete_tag='FALSE'
 
09-02-2021 14:37:07 
 - txt payment entry -SELECT * FROM 
		txt_payment_bill_entry
		WHERE payment_entry_id = '1659' and delete_tag='FALSE'
 
09-02-2021 14:39:15 
 - txt payment entry -SELECT * FROM 
		txt_payment_bill_entry
		WHERE payment_entry_id = '349' and delete_tag='FALSE'
 
09-02-2021 14:39:59 
 - txt payment entry -SELECT * FROM 
		txt_payment_bill_entry
		WHERE payment_entry_id = '349' and delete_tag='FALSE'
 
09-02-2021 14:43:57 
 - txt payment entry -SELECT * FROM 
		txt_payment_bill_entry
		WHERE payment_entry_id = '377' and delete_tag='FALSE'
 
09-02-2021 14:46:22 
 - txt payment entry -SELECT * FROM 
		txt_payment_bill_entry
		WHERE payment_entry_id = '1770' and delete_tag='FALSE'
 
09-02-2021 14:56:03 
 - txt payment entry -SELECT * FROM 
		txt_payment_bill_entry
		WHERE payment_entry_id = '698' and delete_tag='FALSE'
 
09-02-2021 15:00:46 
 - txt payment entry -SELECT * FROM 
		txt_payment_bill_entry
		WHERE payment_entry_id = '350' and delete_tag='FALSE'
 
09-02-2021 18:28:12 
 - txt payment entry -SELECT * FROM 
		txt_payment_bill_entry
		WHERE payment_entry_id = '378' and delete_tag='FALSE'
 
09-02-2021 18:28:53 
 - txt payment entry -SELECT * FROM 
		txt_payment_bill_entry
		WHERE payment_entry_id = '379' and delete_tag='FALSE'
 
09-02-2021 18:29:24 
 - txt payment entry -SELECT * FROM 
		txt_payment_bill_entry
		WHERE payment_entry_id = '377' and delete_tag='FALSE'
 
10-02-2021 16:07:42 
 - txt payment entry -SELECT * FROM 
		txt_payment_bill_entry
		WHERE payment_entry_id = '701' and delete_tag='FALSE'
 
12-02-2021 15:10:20 
 - txt payment entry -SELECT * FROM 
		txt_payment_bill_entry
		WHERE payment_entry_id = '943' and delete_tag='FALSE'
 
15-02-2021 14:21:22 
 - txt payment entry -SELECT * FROM 
		txt_payment_bill_entry
		WHERE payment_entry_id = '1805' and delete_tag='FALSE'
 
15-02-2021 14:22:31 
 - txt payment entry -SELECT * FROM 
		txt_payment_bill_entry
		WHERE payment_entry_id = '640' and delete_tag='FALSE'
 
15-02-2021 14:23:11 
 - txt payment entry -SELECT * FROM 
		txt_payment_bill_entry
		WHERE payment_entry_id = '640' and delete_tag='FALSE'
 
15-02-2021 14:24:22 
 - txt payment entry -SELECT * FROM 
		txt_payment_bill_entry
		WHERE payment_entry_id = '1805' and delete_tag='FALSE'
 
16-02-2021 16:57:44 
 - txt payment entry -SELECT * FROM 
		txt_payment_bill_entry
		WHERE payment_entry_id = '1801' and delete_tag='FALSE'
 
17-02-2021 14:42:29 
 - txt payment entry -SELECT * FROM 
		txt_payment_bill_entry
		WHERE payment_entry_id = '1812' and delete_tag='FALSE'
 
17-02-2021 14:44:28 
 - txt payment entry -SELECT * FROM 
		txt_payment_bill_entry
		WHERE payment_entry_id = '1813' and delete_tag='FALSE'
 
20-02-2021 17:15:18 
 - txt payment entry -SELECT * FROM 
		txt_payment_bill_entry
		WHERE payment_entry_id = '1846' and delete_tag='FALSE'
 
22-02-2021 14:16:36 
 - txt payment entry -SELECT * FROM 
		txt_payment_bill_entry
		WHERE payment_entry_id = '1844' and delete_tag='FALSE'
 
25-02-2021 17:57:19 
 - txt payment entry -SELECT * FROM 
		txt_payment_bill_entry
		WHERE payment_entry_id = '430' and delete_tag='FALSE'
 
27-02-2021 14:31:09 
 - txt payment entry -SELECT * FROM 
		txt_payment_bill_entry
		WHERE payment_entry_id = '430' and delete_tag='FALSE'
 
27-02-2021 14:33:56 
 - txt payment entry -SELECT * FROM 
		txt_payment_bill_entry
		WHERE payment_entry_id = '429' and delete_tag='FALSE'
 
27-02-2021 14:34:44 
 - txt payment entry -SELECT * FROM 
		txt_payment_bill_entry
		WHERE payment_entry_id = '429' and delete_tag='FALSE'
 
02-03-2021 16:20:41 
 - txt payment entry -SELECT * FROM 
		txt_payment_bill_entry
		WHERE payment_entry_id = '1908' and delete_tag='FALSE'
 
03-03-2021 14:25:27 
 - txt payment entry -SELECT * FROM 
		txt_payment_bill_entry
		WHERE payment_entry_id = '359' and delete_tag='FALSE'
 
03-03-2021 14:51:34 
 - txt payment entry -SELECT * FROM 
		txt_payment_bill_entry
		WHERE payment_entry_id = '1349' and delete_tag='FALSE'
 
03-03-2021 14:52:58 
 - txt payment entry -SELECT * FROM 
		txt_payment_bill_entry
		WHERE payment_entry_id = '1273' and delete_tag='FALSE'
 
03-03-2021 15:11:28 
 - txt payment entry -SELECT * FROM 
		txt_payment_bill_entry
		WHERE payment_entry_id = '1349' and delete_tag='FALSE'
 
03-03-2021 19:57:00 
 - txt payment entry -SELECT * FROM 
		txt_payment_bill_entry
		WHERE payment_entry_id = '429' and delete_tag='FALSE'
 
03-03-2021 19:58:09 
 - txt payment entry -SELECT * FROM 
		txt_payment_bill_entry
		WHERE payment_entry_id = '428' and delete_tag='FALSE'
 
03-03-2021 19:58:39 
 - txt payment entry -SELECT * FROM 
		txt_payment_bill_entry
		WHERE payment_entry_id = '822' and delete_tag='FALSE'
 
03-03-2021 20:00:51 
 - txt payment entry -SELECT * FROM 
		txt_payment_bill_entry
		WHERE payment_entry_id = '428' and delete_tag='FALSE'
 
03-03-2021 20:01:12 
 - txt payment entry -SELECT * FROM 
		txt_payment_bill_entry
		WHERE payment_entry_id = '428' and delete_tag='FALSE'
 
03-03-2021 20:01:48 
 - txt payment entry -SELECT * FROM 
		txt_payment_bill_entry
		WHERE payment_entry_id = '429' and delete_tag='FALSE'
 
03-03-2021 20:02:32 
 - txt payment entry -SELECT * FROM 
		txt_payment_bill_entry
		WHERE payment_entry_id = '822' and delete_tag='FALSE'
 
03-03-2021 20:05:02 
 - txt payment entry -SELECT * FROM 
		txt_payment_bill_entry
		WHERE payment_entry_id = '822' and delete_tag='FALSE'
 
03-03-2021 20:25:20 
 - txt payment entry -SELECT * FROM 
		txt_payment_bill_entry
		WHERE payment_entry_id = '1948' and delete_tag='FALSE'
 
03-03-2021 20:31:00 
 - txt payment entry -SELECT * FROM 
		txt_payment_bill_entry
		WHERE payment_entry_id = '1948' and delete_tag='FALSE'
 
04-03-2021 16:30:14 
 - txt payment entry -SELECT * FROM 
		txt_payment_bill_entry
		WHERE payment_entry_id = '1445' and delete_tag='FALSE'
 
08-03-2021 16:16:11 
 - txt payment entry -SELECT * FROM 
		txt_payment_bill_entry
		WHERE payment_entry_id = '1971' and delete_tag='FALSE'
 
11-03-2021 15:45:45 
 - txt payment entry -SELECT * FROM 
		txt_payment_bill_entry
		WHERE payment_entry_id = '1738' and delete_tag='FALSE'
 
13-03-2021 15:50:20 
 - txt payment entry -SELECT * FROM 
		txt_payment_bill_entry
		WHERE payment_entry_id = '792' and delete_tag='FALSE'
 
13-03-2021 16:32:26 
 - txt payment entry -SELECT * FROM 
		txt_payment_bill_entry
		WHERE payment_entry_id = '1672' and delete_tag='FALSE'
 
13-03-2021 16:34:48 
 - txt payment entry -SELECT * FROM 
		txt_payment_bill_entry
		WHERE payment_entry_id = '1673' and delete_tag='FALSE'
 
15-03-2021 13:50:29 
 - txt payment entry -SELECT * FROM 
		txt_payment_bill_entry
		WHERE payment_entry_id = '2052' and delete_tag='FALSE'
 
18-03-2021 16:26:48 
 - txt payment entry -SELECT * FROM 
		txt_payment_bill_entry
		WHERE payment_entry_id = '1088' and delete_tag='FALSE'
 
18-03-2021 16:30:01 
 - txt payment entry -SELECT * FROM 
		txt_payment_bill_entry
		WHERE payment_entry_id = '1254' and delete_tag='FALSE'
 
18-03-2021 16:35:50 
 - txt payment entry -SELECT * FROM 
		txt_payment_bill_entry
		WHERE payment_entry_id = '1326' and delete_tag='FALSE'
 
18-03-2021 16:36:12 
 - txt payment entry -SELECT * FROM 
		txt_payment_bill_entry
		WHERE payment_entry_id = '1327' and delete_tag='FALSE'
 
18-03-2021 16:36:27 
 - txt payment entry -SELECT * FROM 
		txt_payment_bill_entry
		WHERE payment_entry_id = '1831' and delete_tag='FALSE'
 
18-03-2021 16:37:23 
 - txt payment entry -SELECT * FROM 
		txt_payment_bill_entry
		WHERE payment_entry_id = '1327' and delete_tag='FALSE'
 
18-03-2021 16:37:32 
 - txt payment entry -SELECT * FROM 
		txt_payment_bill_entry
		WHERE payment_entry_id = '1831' and delete_tag='FALSE'
 
18-03-2021 16:41:36 
 - txt payment entry -SELECT * FROM 
		txt_payment_bill_entry
		WHERE payment_entry_id = '1249' and delete_tag='FALSE'
 
18-03-2021 16:41:49 
 - txt payment entry -SELECT * FROM 
		txt_payment_bill_entry
		WHERE payment_entry_id = '1254' and delete_tag='FALSE'
 
18-03-2021 16:42:08 
 - txt payment entry -SELECT * FROM 
		txt_payment_bill_entry
		WHERE payment_entry_id = '1831' and delete_tag='FALSE'
 
18-03-2021 16:42:21 
 - txt payment entry -SELECT * FROM 
		txt_payment_bill_entry
		WHERE payment_entry_id = '1088' and delete_tag='FALSE'
 
18-03-2021 16:43:56 
 - txt payment entry -SELECT * FROM 
		txt_payment_bill_entry
		WHERE payment_entry_id = '1327' and delete_tag='FALSE'
 
20-03-2021 14:36:18 
 - txt payment entry -SELECT * FROM 
		txt_payment_bill_entry
		WHERE payment_entry_id = '1783' and delete_tag='FALSE'
 
23-03-2021 16:18:35 
 - txt payment entry -SELECT * FROM 
		txt_payment_bill_entry
		WHERE payment_entry_id = '2108' and delete_tag='FALSE'
 
23-03-2021 16:18:53 
 - txt payment entry -SELECT * FROM 
		txt_payment_bill_entry
		WHERE payment_entry_id = '2109' and delete_tag='FALSE'
 
23-03-2021 17:02:05 
 - txt payment entry -SELECT * FROM 
		txt_payment_bill_entry
		WHERE payment_entry_id = '383' and delete_tag='FALSE'
 
24-03-2021 14:54:14 
 - txt payment entry -SELECT * FROM 
		txt_payment_bill_entry
		WHERE payment_entry_id = '1558' and delete_tag='FALSE'
 
24-03-2021 19:12:00 
 - txt payment entry -SELECT * FROM 
		txt_payment_bill_entry
		WHERE payment_entry_id = '1389' and delete_tag='FALSE'
 
24-03-2021 19:33:09 
 - txt payment entry -SELECT * FROM 
		txt_payment_bill_entry
		WHERE payment_entry_id = '1389' and delete_tag='FALSE'
 
26-03-2021 13:38:48 
 - txt payment entry -SELECT * FROM 
		txt_payment_bill_entry
		WHERE payment_entry_id = '2134' and delete_tag='FALSE'
 
26-03-2021 13:44:53 
 - txt payment entry -SELECT * FROM 
		txt_payment_bill_entry
		WHERE payment_entry_id = '1384' and delete_tag='FALSE'
 
26-03-2021 16:08:49 
 - txt payment entry -SELECT * FROM 
		txt_payment_bill_entry
		WHERE payment_entry_id = '2098' and delete_tag='FALSE'
 
26-03-2021 16:11:51 
 - txt payment entry -SELECT * FROM 
		txt_payment_bill_entry
		WHERE payment_entry_id = '2098' and delete_tag='FALSE'
 
26-03-2021 17:23:06 
 - txt payment entry -SELECT * FROM 
		txt_payment_bill_entry
		WHERE payment_entry_id = '778' and delete_tag='FALSE'
 
26-03-2021 17:23:35 
 - txt payment entry -SELECT * FROM 
		txt_payment_bill_entry
		WHERE payment_entry_id = '778' and delete_tag='FALSE'
 
27-03-2021 16:40:15 
 - txt payment entry -SELECT * FROM 
		txt_payment_bill_entry
		WHERE payment_entry_id = '2146' and delete_tag='FALSE'
 
27-03-2021 16:41:14 
 - txt payment entry -SELECT * FROM 
		txt_payment_bill_entry
		WHERE payment_entry_id = '2146' and delete_tag='FALSE'
 
27-03-2021 16:43:01 
 - txt payment entry -SELECT * FROM 
		txt_payment_bill_entry
		WHERE payment_entry_id = '2134' and delete_tag='FALSE'
 
30-03-2021 15:59:22 
 - txt payment entry -SELECT * FROM 
		txt_payment_bill_entry
		WHERE payment_entry_id = '2148' and delete_tag='FALSE'
 
30-03-2021 16:09:28 
 - txt payment entry -SELECT * FROM 
		txt_payment_bill_entry
		WHERE payment_entry_id = '1411' and delete_tag='FALSE'
 
30-03-2021 16:09:47 
 - txt payment entry -SELECT * FROM 
		txt_payment_bill_entry
		WHERE payment_entry_id = '770' and delete_tag='FALSE'
 
30-03-2021 16:10:12 
 - txt payment entry -SELECT * FROM 
		txt_payment_bill_entry
		WHERE payment_entry_id = '1425' and delete_tag='FALSE'
 
30-03-2021 16:10:32 
 - txt payment entry -SELECT * FROM 
		txt_payment_bill_entry
		WHERE payment_entry_id = '1451' and delete_tag='FALSE'
 
30-03-2021 16:10:58 
 - txt payment entry -SELECT * FROM 
		txt_payment_bill_entry
		WHERE payment_entry_id = '1945' and delete_tag='FALSE'
 
30-03-2021 16:15:11 
 - txt payment entry -SELECT * FROM 
		txt_payment_bill_entry
		WHERE payment_entry_id = '1945' and delete_tag='FALSE'
 
30-03-2021 17:03:16 
 - txt payment entry -SELECT * FROM 
		txt_payment_bill_entry
		WHERE payment_entry_id = '2021' and delete_tag='FALSE'
 
30-03-2021 17:37:02 
 - txt payment entry -SELECT * FROM 
		txt_payment_bill_entry
		WHERE payment_entry_id = '1982' and delete_tag='FALSE'
 
30-03-2021 17:38:02 
 - txt payment entry -SELECT * FROM 
		txt_payment_bill_entry
		WHERE payment_entry_id = '1981' and delete_tag='FALSE'
 
30-03-2021 17:39:36 
 - txt payment entry -SELECT * FROM 
		txt_payment_bill_entry
		WHERE payment_entry_id = '1020' and delete_tag='FALSE'
 
30-03-2021 17:40:26 
 - txt payment entry -SELECT * FROM 
		txt_payment_bill_entry
		WHERE payment_entry_id = '2173' and delete_tag='FALSE'
 
31-03-2021 14:12:42 
 - txt payment entry -SELECT * FROM 
		txt_payment_bill_entry
		WHERE payment_entry_id = '2167' and delete_tag='FALSE'
 
31-03-2021 14:13:10 
 - txt payment entry -SELECT * FROM 
		txt_payment_bill_entry
		WHERE payment_entry_id = '1916' and delete_tag='FALSE'
 
31-03-2021 14:13:40 
 - txt payment entry -SELECT * FROM 
		txt_payment_bill_entry
		WHERE payment_entry_id = '2167' and delete_tag='FALSE'
 
31-03-2021 14:23:44 
 - txt payment entry -SELECT * FROM 
		txt_payment_bill_entry
		WHERE payment_entry_id = '1916' and delete_tag='FALSE'
 
31-03-2021 18:03:19 
 - txt payment entry -SELECT * FROM 
		txt_payment_bill_entry
		WHERE payment_entry_id = '2167' and delete_tag='FALSE'
 
31-03-2021 18:15:36 
 - txt payment entry -SELECT * FROM 
		txt_payment_bill_entry
		WHERE payment_entry_id = '1916' and delete_tag='FALSE'
 
31-03-2021 18:16:35 
 - txt payment entry -SELECT * FROM 
		txt_payment_bill_entry
		WHERE payment_entry_id = '2167' and delete_tag='FALSE'
 
02-04-2021 12:03:39 
 - txt payment entry -SELECT * FROM 
		txt_payment_bill_entry
		WHERE payment_entry_id = '2018' and delete_tag='FALSE'
 
02-04-2021 12:04:14 
 - txt payment entry -SELECT * FROM 
		txt_payment_bill_entry
		WHERE payment_entry_id = '2018' and delete_tag='FALSE'
 
05-04-2021 19:20:23 
 - txt payment entry -SELECT * FROM 
		txt_payment_bill_entry
		WHERE payment_entry_id = '2176' and delete_tag='FALSE'
 
08-04-2021 10:48:46 
 - txt payment entry -SELECT * FROM 
		txt_payment_bill_entry
		WHERE payment_entry_id = '2035' and delete_tag='FALSE'
 
08-04-2021 10:50:00 
 - txt payment entry -SELECT * FROM 
		txt_payment_bill_entry
		WHERE payment_entry_id = '2035' and delete_tag='FALSE'
 
08-04-2021 10:52:30 
 - txt payment entry -SELECT * FROM 
		txt_payment_bill_entry
		WHERE payment_entry_id = '2034' and delete_tag='FALSE'
 
08-04-2021 10:53:02 
 - txt payment entry -SELECT * FROM 
		txt_payment_bill_entry
		WHERE payment_entry_id = '2097' and delete_tag='FALSE'
 
08-04-2021 10:53:12 
 - txt payment entry -SELECT * FROM 
		txt_payment_bill_entry
		WHERE payment_entry_id = '2035' and delete_tag='FALSE'
 
08-04-2021 11:06:20 
 - txt payment entry -SELECT * FROM 
		txt_payment_bill_entry
		WHERE payment_entry_id = '2034' and delete_tag='FALSE'
 
08-04-2021 11:06:40 
 - txt payment entry -SELECT * FROM 
		txt_payment_bill_entry
		WHERE payment_entry_id = '2035' and delete_tag='FALSE'
 
08-04-2021 11:07:15 
 - txt payment entry -SELECT * FROM 
		txt_payment_bill_entry
		WHERE payment_entry_id = '2035' and delete_tag='FALSE'
 
08-04-2021 11:08:25 
 - txt payment entry -SELECT * FROM 
		txt_payment_bill_entry
		WHERE payment_entry_id = '2034' and delete_tag='FALSE'
 
08-04-2021 14:08:52 
 - txt payment entry -SELECT * FROM 
		txt_payment_bill_entry
		WHERE payment_entry_id = '2178' and delete_tag='FALSE'
 
08-04-2021 14:17:37 
 - txt payment entry -SELECT * FROM 
		txt_payment_bill_entry
		WHERE payment_entry_id = '2187' and delete_tag='FALSE'
 
08-04-2021 14:20:22 
 - txt payment entry -SELECT * FROM 
		txt_payment_bill_entry
		WHERE payment_entry_id = '1498' and delete_tag='FALSE'
 
08-04-2021 14:21:23 
 - txt payment entry -SELECT * FROM 
		txt_payment_bill_entry
		WHERE payment_entry_id = '1498' and delete_tag='FALSE'
 
08-04-2021 14:22:23 
 - txt payment entry -SELECT * FROM 
		txt_payment_bill_entry
		WHERE payment_entry_id = '2188' and delete_tag='FALSE'
 
08-04-2021 14:24:32 
 - txt payment entry -SELECT * FROM 
		txt_payment_bill_entry
		WHERE payment_entry_id = '2187' and delete_tag='FALSE'
 
08-04-2021 14:32:45 
 - txt payment entry -SELECT * FROM 
		txt_payment_bill_entry
		WHERE payment_entry_id = '1935' and delete_tag='FALSE'
 
08-04-2021 14:33:00 
 - txt payment entry -SELECT * FROM 
		txt_payment_bill_entry
		WHERE payment_entry_id = '1935' and delete_tag='FALSE'
 
08-04-2021 14:33:54 
 - txt payment entry -SELECT * FROM 
		txt_payment_bill_entry
		WHERE payment_entry_id = '2145' and delete_tag='FALSE'
 
08-04-2021 14:34:13 
 - txt payment entry -SELECT * FROM 
		txt_payment_bill_entry
		WHERE payment_entry_id = '1633' and delete_tag='FALSE'
 
08-04-2021 14:34:24 
 - txt payment entry -SELECT * FROM 
		txt_payment_bill_entry
		WHERE payment_entry_id = '2145' and delete_tag='FALSE'
 
08-04-2021 14:35:50 
 - txt payment entry -SELECT * FROM 
		txt_payment_bill_entry
		WHERE payment_entry_id = '2169' and delete_tag='FALSE'
 
13-04-2021 14:53:10 
 - txt payment entry -SELECT * FROM 
		txt_payment_bill_entry
		WHERE payment_entry_id = '1892' and delete_tag='FALSE'
 
14-04-2021 17:30:23 
 - txt payment entry -SELECT * FROM 
		txt_payment_bill_entry
		WHERE payment_entry_id = '2216' and delete_tag='FALSE'
 
26-04-2021 13:40:43 
 - txt payment entry -SELECT * FROM 
		txt_payment_bill_entry
		WHERE payment_entry_id = '2219' and delete_tag='FALSE'
 
26-04-2021 13:43:16 
 - txt payment entry -SELECT * FROM 
		txt_payment_bill_entry
		WHERE payment_entry_id = '2219' and delete_tag='FALSE'
 
26-04-2021 13:53:46 
 - txt payment entry -SELECT * FROM 
		txt_payment_bill_entry
		WHERE payment_entry_id = '2244' and delete_tag='FALSE'
 
26-04-2021 13:54:07 
 - txt payment entry -SELECT * FROM 
		txt_payment_bill_entry
		WHERE payment_entry_id = '2242' and delete_tag='FALSE'
 
26-04-2021 15:17:52 
 - txt payment entry -SELECT * FROM 
		txt_payment_bill_entry
		WHERE payment_entry_id = '2261' and delete_tag='FALSE'
 
26-04-2021 16:46:50 
 - txt payment entry -SELECT * FROM 
		txt_payment_bill_entry
		WHERE payment_entry_id = '2272' and delete_tag='FALSE'
 
27-04-2021 09:56:14 
 - txt payment entry -SELECT * FROM 
		txt_payment_bill_entry
		WHERE payment_entry_id = '2277' and delete_tag='FALSE'
 
28-05-2021 14:25:37 
 - txt payment entry -SELECT * FROM 
		txt_payment_bill_entry
		WHERE payment_entry_id = '2187' and delete_tag='FALSE'
 
28-05-2021 14:26:29 
 - txt payment entry -SELECT * FROM 
		txt_payment_bill_entry
		WHERE payment_entry_id = '2187' and delete_tag='FALSE'
 
28-05-2021 14:27:11 
 - txt payment entry -SELECT * FROM 
		txt_payment_bill_entry
		WHERE payment_entry_id = '1557' and delete_tag='FALSE'
 
28-05-2021 14:27:47 
 - txt payment entry -SELECT * FROM 
		txt_payment_bill_entry
		WHERE payment_entry_id = '1559' and delete_tag='FALSE'
 
28-05-2021 14:44:44 
 - txt payment entry -SELECT * FROM 
		txt_payment_bill_entry
		WHERE payment_entry_id = '2303' and delete_tag='FALSE'
 
28-05-2021 14:45:00 
 - txt payment entry -SELECT * FROM 
		txt_payment_bill_entry
		WHERE payment_entry_id = '2306' and delete_tag='FALSE'
 
28-05-2021 14:45:24 
 - txt payment entry -SELECT * FROM 
		txt_payment_bill_entry
		WHERE payment_entry_id = '2302' and delete_tag='FALSE'
 
28-05-2021 14:45:39 
 - txt payment entry -SELECT * FROM 
		txt_payment_bill_entry
		WHERE payment_entry_id = '2305' and delete_tag='FALSE'
 
28-05-2021 14:45:55 
 - txt payment entry -SELECT * FROM 
		txt_payment_bill_entry
		WHERE payment_entry_id = '2188' and delete_tag='FALSE'
 
28-05-2021 14:46:14 
 - txt payment entry -SELECT * FROM 
		txt_payment_bill_entry
		WHERE payment_entry_id = '1886' and delete_tag='FALSE'
 
28-05-2021 14:46:33 
 - txt payment entry -SELECT * FROM 
		txt_payment_bill_entry
		WHERE payment_entry_id = '1558' and delete_tag='FALSE'
 
28-05-2021 14:47:39 
 - txt payment entry -SELECT * FROM 
		txt_payment_bill_entry
		WHERE payment_entry_id = '1498' and delete_tag='FALSE'
 
28-05-2021 14:48:39 
 - txt payment entry -SELECT * FROM 
		txt_payment_bill_entry
		WHERE payment_entry_id = '1498' and delete_tag='FALSE'
 
28-05-2021 14:49:49 
 - txt payment entry -SELECT * FROM 
		txt_payment_bill_entry
		WHERE payment_entry_id = '1558' and delete_tag='FALSE'
 
28-05-2021 14:50:02 
 - txt payment entry -SELECT * FROM 
		txt_payment_bill_entry
		WHERE payment_entry_id = '1498' and delete_tag='FALSE'
 
28-05-2021 14:51:11 
 - txt payment entry -SELECT * FROM 
		txt_payment_bill_entry
		WHERE payment_entry_id = '1558' and delete_tag='FALSE'
 
28-05-2021 14:51:44 
 - txt payment entry -SELECT * FROM 
		txt_payment_bill_entry
		WHERE payment_entry_id = '1886' and delete_tag='FALSE'
 
28-05-2021 14:52:18 
 - txt payment entry -SELECT * FROM 
		txt_payment_bill_entry
		WHERE payment_entry_id = '2188' and delete_tag='FALSE'
 
28-05-2021 14:53:07 
 - txt payment entry -SELECT * FROM 
		txt_payment_bill_entry
		WHERE payment_entry_id = '2302' and delete_tag='FALSE'
 
28-05-2021 14:53:52 
 - txt payment entry -SELECT * FROM 
		txt_payment_bill_entry
		WHERE payment_entry_id = '2302' and delete_tag='FALSE'
 
28-05-2021 14:54:18 
 - txt payment entry -SELECT * FROM 
		txt_payment_bill_entry
		WHERE payment_entry_id = '2303' and delete_tag='FALSE'
 
28-05-2021 14:55:29 
 - txt payment entry -SELECT * FROM 
		txt_payment_bill_entry
		WHERE payment_entry_id = '2305' and delete_tag='FALSE'
 
28-05-2021 14:57:01 
 - txt payment entry -SELECT * FROM 
		txt_payment_bill_entry
		WHERE payment_entry_id = '2306' and delete_tag='FALSE'
